{"__type":"$$EventMessageAudit","id":"3a49ef37-07b1-4b5e-98e1-b5fad93db170","ts":"2025-11-01T13:58:35.716+00:00","eventName":"n8n.audit.workflow.updated","message":"n8n.audit.workflow.updated","payload":{"userId":"7e0c9b4f-19bc-4d33-bab4-29a3af700c1c","_email":"admin@admin.com","_firstName":"admin","_lastName":"admin","globalRole":"global:owner","workflowId":"tgLkH0E2Kl6lKTAY","workflowName":"Face Detection"}}
{"__type":"$$EventMessageConfirm","confirm":"3a49ef37-07b1-4b5e-98e1-b5fad93db170","ts":"2025-11-01T13:58:35.717+00:00","source":{"id":"0","name":"eventBus"}}
{"__type":"$$EventMessageWorkflow","id":"e21d378a-c3a0-4200-a7f8-4e80810cb250","ts":"2025-11-01T14:01:27.506+00:00","eventName":"n8n.workflow.started","message":"n8n.workflow.started","payload":{"executionId":"29","workflowId":"tgLkH0E2Kl6lKTAY","isManual":false,"workflowName":"Face Detection"}}
{"__type":"$$EventMessageConfirm","confirm":"e21d378a-c3a0-4200-a7f8-4e80810cb250","ts":"2025-11-01T14:01:27.506+00:00","source":{"id":"0","name":"eventBus"}}
{"__type":"$$EventMessageNode","id":"61cd9ff3-c64b-41b6-886a-1f188e2aa614","ts":"2025-11-01T14:01:27.508+00:00","eventName":"n8n.node.started","message":"n8n.node.started","payload":{"workflowId":"tgLkH0E2Kl6lKTAY","workflowName":"Face Detection","executionId":"29","nodeType":"n8n-nodes-base.manualTrigger","nodeName":"When clicking ‘Execute workflow’","nodeId":"aaa49d87-b172-48fe-b702-cfc110c14a74"}}
{"__type":"$$EventMessageConfirm","confirm":"61cd9ff3-c64b-41b6-886a-1f188e2aa614","ts":"2025-11-01T14:01:27.508+00:00","source":{"id":"0","name":"eventBus"}}
{"__type":"$$EventMessageNode","id":"518daed5-04c8-4d1a-b572-bcb269dd0e8b","ts":"2025-11-01T14:01:27.511+00:00","eventName":"n8n.node.finished","message":"n8n.node.finished","payload":{"workflowId":"tgLkH0E2Kl6lKTAY","workflowName":"Face Detection","executionId":"29","nodeType":"n8n-nodes-base.manualTrigger","nodeName":"When clicking ‘Execute workflow’","nodeId":"aaa49d87-b172-48fe-b702-cfc110c14a74"}}
{"__type":"$$EventMessageConfirm","confirm":"518daed5-04c8-4d1a-b572-bcb269dd0e8b","ts":"2025-11-01T14:01:27.511+00:00","source":{"id":"0","name":"eventBus"}}
{"__type":"$$EventMessageNode","id":"73e9a6fa-e933-4adf-950b-4f84e6bb9490","ts":"2025-11-01T14:01:27.512+00:00","eventName":"n8n.node.started","message":"n8n.node.started","payload":{"workflowId":"tgLkH0E2Kl6lKTAY","workflowName":"Face Detection","executionId":"29","nodeType":"n8n-nodes-base.httpRequest","nodeName":"Start Face Detection","nodeId":"6d7c8a00-6269-4f28-90ea-e6c18e06f273"}}
{"__type":"$$EventMessageConfirm","confirm":"73e9a6fa-e933-4adf-950b-4f84e6bb9490","ts":"2025-11-01T14:01:27.512+00:00","source":{"id":"0","name":"eventBus"}}
{"__type":"$$EventMessageNode","id":"92ba7472-a9c1-400f-9fe2-cdce9678db46","ts":"2025-11-01T14:01:31.439+00:00","eventName":"n8n.node.finished","message":"n8n.node.finished","payload":{"workflowId":"tgLkH0E2Kl6lKTAY","workflowName":"Face Detection","executionId":"29","nodeType":"n8n-nodes-base.httpRequest","nodeName":"Start Face Detection","nodeId":"6d7c8a00-6269-4f28-90ea-e6c18e06f273"}}
{"__type":"$$EventMessageConfirm","confirm":"92ba7472-a9c1-400f-9fe2-cdce9678db46","ts":"2025-11-01T14:01:31.440+00:00","source":{"id":"0","name":"eventBus"}}
{"__type":"$$EventMessageWorkflow","id":"0f3dd45b-19ca-4530-af3b-5ff922eb2cd0","ts":"2025-11-01T14:01:31.441+00:00","eventName":"n8n.workflow.success","message":"n8n.workflow.success","payload":{"userId":"7e0c9b4f-19bc-4d33-bab4-29a3af700c1c","executionId":"29","success":true,"isManual":true,"workflowId":"tgLkH0E2Kl6lKTAY","workflowName":"Face Detection"}}
{"__type":"$$EventMessageConfirm","confirm":"0f3dd45b-19ca-4530-af3b-5ff922eb2cd0","ts":"2025-11-01T14:01:31.441+00:00","source":{"id":"0","name":"eventBus"}}
{"__type":"$$EventMessageWorkflow","id":"124c0f20-5dae-471c-a3a5-8de9b2042fa7","ts":"2025-11-01T14:05:40.713+00:00","eventName":"n8n.workflow.started","message":"n8n.workflow.started","payload":{"executionId":"30","workflowId":"tgLkH0E2Kl6lKTAY","isManual":false,"workflowName":"Face Detection"}}
{"__type":"$$EventMessageConfirm","confirm":"124c0f20-5dae-471c-a3a5-8de9b2042fa7","ts":"2025-11-01T14:05:40.713+00:00","source":{"id":"0","name":"eventBus"}}
{"__type":"$$EventMessageNode","id":"9f46a4ec-9bed-45a0-a9a1-d0bd642f8928","ts":"2025-11-01T14:05:40.713+00:00","eventName":"n8n.node.started","message":"n8n.node.started","payload":{"workflowId":"tgLkH0E2Kl6lKTAY","workflowName":"Face Detection","executionId":"30","nodeType":"n8n-nodes-base.httpRequest","nodeName":"Start Face Detection","nodeId":"6d7c8a00-6269-4f28-90ea-e6c18e06f273"}}
{"__type":"$$EventMessageConfirm","confirm":"9f46a4ec-9bed-45a0-a9a1-d0bd642f8928","ts":"2025-11-01T14:05:40.713+00:00","source":{"id":"0","name":"eventBus"}}
{"__type":"$$EventMessageNode","id":"ea366738-0c61-44b9-8eff-e400aaf0a040","ts":"2025-11-01T14:05:43.846+00:00","eventName":"n8n.node.finished","message":"n8n.node.finished","payload":{"workflowId":"tgLkH0E2Kl6lKTAY","workflowName":"Face Detection","executionId":"30","nodeType":"n8n-nodes-base.httpRequest","nodeName":"Start Face Detection","nodeId":"6d7c8a00-6269-4f28-90ea-e6c18e06f273"}}
{"__type":"$$EventMessageConfirm","confirm":"ea366738-0c61-44b9-8eff-e400aaf0a040","ts":"2025-11-01T14:05:43.846+00:00","source":{"id":"0","name":"eventBus"}}
{"__type":"$$EventMessageWorkflow","id":"e98ce1ef-a1cf-402c-bf95-62fdb48cdf9e","ts":"2025-11-01T14:05:43.847+00:00","eventName":"n8n.workflow.success","message":"n8n.workflow.success","payload":{"userId":"7e0c9b4f-19bc-4d33-bab4-29a3af700c1c","executionId":"30","success":true,"isManual":true,"workflowId":"tgLkH0E2Kl6lKTAY","workflowName":"Face Detection"}}
{"__type":"$$EventMessageConfirm","confirm":"e98ce1ef-a1cf-402c-bf95-62fdb48cdf9e","ts":"2025-11-01T14:05:43.847+00:00","source":{"id":"0","name":"eventBus"}}
{"__type":"$$EventMessageAudit","id":"0a8e9935-df6b-4f47-9581-3c378d56b9b1","ts":"2025-11-01T14:05:55.113+00:00","eventName":"n8n.audit.workflow.updated","message":"n8n.audit.workflow.updated","payload":{"userId":"7e0c9b4f-19bc-4d33-bab4-29a3af700c1c","_email":"admin@admin.com","_firstName":"admin","_lastName":"admin","globalRole":"global:owner","workflowId":"tgLkH0E2Kl6lKTAY","workflowName":"Face Detection"}}
{"__type":"$$EventMessageConfirm","confirm":"0a8e9935-df6b-4f47-9581-3c378d56b9b1","ts":"2025-11-01T14:05:55.113+00:00","source":{"id":"0","name":"eventBus"}}
