{"__type":"$$EventMessageWorkflow","id":"3b8f2e71-a595-45c7-b841-a596da461988","ts":"2026-03-05T22:42:45.740+00:00","eventName":"n8n.workflow.started","message":"n8n.workflow.started","payload":{"executionId":"1360","workflowId":"vt9snwxByiI7Ln14","isManual":false,"workflowName":"Smart Home Workflow Creator"}}
{"__type":"$$EventMessageConfirm","confirm":"3b8f2e71-a595-45c7-b841-a596da461988","ts":"2026-03-05T22:42:45.740+00:00","source":{"id":"0","name":"eventBus"}}
{"__type":"$$EventMessageNode","id":"b023107d-1d47-4834-9a25-d015d4f558dc","ts":"2026-03-05T22:42:45.741+00:00","eventName":"n8n.node.started","message":"n8n.node.started","payload":{"workflowId":"vt9snwxByiI7Ln14","workflowName":"Smart Home Workflow Creator","executionId":"1360","nodeType":"n8n-nodes-base.n8n","nodeName":"Get many workflows","nodeId":"95a12172-6f07-4f3f-bca7-d01b6cd8e282"}}
{"__type":"$$EventMessageConfirm","confirm":"b023107d-1d47-4834-9a25-d015d4f558dc","ts":"2026-03-05T22:42:45.742+00:00","source":{"id":"0","name":"eventBus"}}
{"__type":"$$EventMessageNode","id":"3e2b0a68-5e5d-4120-928b-3fab369683a5","ts":"2026-03-05T22:42:45.878+00:00","eventName":"n8n.node.finished","message":"n8n.node.finished","payload":{"workflowId":"vt9snwxByiI7Ln14","workflowName":"Smart Home Workflow Creator","executionId":"1360","nodeType":"n8n-nodes-base.n8n","nodeName":"Get many workflows","nodeId":"95a12172-6f07-4f3f-bca7-d01b6cd8e282"}}
{"__type":"$$EventMessageConfirm","confirm":"3e2b0a68-5e5d-4120-928b-3fab369683a5","ts":"2026-03-05T22:42:45.878+00:00","source":{"id":"0","name":"eventBus"}}
{"__type":"$$EventMessageWorkflow","id":"f3936d42-ec5a-42eb-9262-7e3992f440d8","ts":"2026-03-05T22:42:45.879+00:00","eventName":"n8n.workflow.success","message":"n8n.workflow.success","payload":{"userId":"7e0c9b4f-19bc-4d33-bab4-29a3af700c1c","executionId":"1360","success":true,"isManual":true,"workflowId":"vt9snwxByiI7Ln14","workflowName":"Smart Home Workflow Creator"}}
{"__type":"$$EventMessageConfirm","confirm":"f3936d42-ec5a-42eb-9262-7e3992f440d8","ts":"2026-03-05T22:42:45.879+00:00","source":{"id":"0","name":"eventBus"}}
{"__type":"$$EventMessageWorkflow","id":"c117f448-3ac1-460b-894e-b0dc0b3105f1","ts":"2026-03-05T22:42:56.741+00:00","eventName":"n8n.workflow.started","message":"n8n.workflow.started","payload":{"executionId":"1361","workflowId":"vt9snwxByiI7Ln14","isManual":false,"workflowName":"Smart Home Workflow Creator"}}
{"__type":"$$EventMessageConfirm","confirm":"c117f448-3ac1-460b-894e-b0dc0b3105f1","ts":"2026-03-05T22:42:56.741+00:00","source":{"id":"0","name":"eventBus"}}
{"__type":"$$EventMessageNode","id":"72db68ab-9f05-48d5-bdc4-1f7bc9777e55","ts":"2026-03-05T22:42:56.745+00:00","eventName":"n8n.node.started","message":"n8n.node.started","payload":{"workflowId":"vt9snwxByiI7Ln14","workflowName":"Smart Home Workflow Creator","executionId":"1361","nodeType":"n8n-nodes-base.code","nodeName":"Code in JavaScript","nodeId":"6a3511ef-14c2-421a-9380-7d1af3ba7212"}}
{"__type":"$$EventMessageConfirm","confirm":"72db68ab-9f05-48d5-bdc4-1f7bc9777e55","ts":"2026-03-05T22:42:56.745+00:00","source":{"id":"0","name":"eventBus"}}
{"__type":"$$EventMessageNode","id":"f12f4ea6-34d2-445a-9ac4-7b4ead21afff","ts":"2026-03-05T22:42:56.770+00:00","eventName":"n8n.node.finished","message":"n8n.node.finished","payload":{"workflowId":"vt9snwxByiI7Ln14","workflowName":"Smart Home Workflow Creator","executionId":"1361","nodeType":"n8n-nodes-base.code","nodeName":"Code in JavaScript","nodeId":"6a3511ef-14c2-421a-9380-7d1af3ba7212"}}
{"__type":"$$EventMessageConfirm","confirm":"f12f4ea6-34d2-445a-9ac4-7b4ead21afff","ts":"2026-03-05T22:42:56.770+00:00","source":{"id":"0","name":"eventBus"}}
{"__type":"$$EventMessageWorkflow","id":"109acc3b-e561-4664-9078-60f1dfa233fe","ts":"2026-03-05T22:42:56.771+00:00","eventName":"n8n.workflow.success","message":"n8n.workflow.success","payload":{"userId":"7e0c9b4f-19bc-4d33-bab4-29a3af700c1c","executionId":"1361","success":true,"isManual":true,"workflowId":"vt9snwxByiI7Ln14","workflowName":"Smart Home Workflow Creator"}}
{"__type":"$$EventMessageConfirm","confirm":"109acc3b-e561-4664-9078-60f1dfa233fe","ts":"2026-03-05T22:42:56.771+00:00","source":{"id":"0","name":"eventBus"}}
{"__type":"$$EventMessageWorkflow","id":"e00c5de0-313d-4641-909f-80bde602c426","ts":"2026-03-05T22:44:00.086+00:00","eventName":"n8n.workflow.started","message":"n8n.workflow.started","payload":{"executionId":"1362","workflowId":"vt9snwxByiI7Ln14","isManual":false,"workflowName":"Smart Home Workflow Creator"}}
{"__type":"$$EventMessageConfirm","confirm":"e00c5de0-313d-4641-909f-80bde602c426","ts":"2026-03-05T22:44:00.086+00:00","source":{"id":"0","name":"eventBus"}}
{"__type":"$$EventMessageNode","id":"47444d4b-b563-4548-89b6-9c15e97eb26d","ts":"2026-03-05T22:44:00.088+00:00","eventName":"n8n.node.started","message":"n8n.node.started","payload":{"workflowId":"vt9snwxByiI7Ln14","workflowName":"Smart Home Workflow Creator","executionId":"1362","nodeType":"n8n-nodes-base.code","nodeName":"Code in JavaScript","nodeId":"6a3511ef-14c2-421a-9380-7d1af3ba7212"}}
{"__type":"$$EventMessageConfirm","confirm":"47444d4b-b563-4548-89b6-9c15e97eb26d","ts":"2026-03-05T22:44:00.088+00:00","source":{"id":"0","name":"eventBus"}}
{"__type":"$$EventMessageNode","id":"181528bd-784e-48ae-a79f-746bfbdbcb96","ts":"2026-03-05T22:44:00.097+00:00","eventName":"n8n.node.finished","message":"n8n.node.finished","payload":{"workflowId":"vt9snwxByiI7Ln14","workflowName":"Smart Home Workflow Creator","executionId":"1362","nodeType":"n8n-nodes-base.code","nodeName":"Code in JavaScript","nodeId":"6a3511ef-14c2-421a-9380-7d1af3ba7212"}}
{"__type":"$$EventMessageConfirm","confirm":"181528bd-784e-48ae-a79f-746bfbdbcb96","ts":"2026-03-05T22:44:00.097+00:00","source":{"id":"0","name":"eventBus"}}
{"__type":"$$EventMessageWorkflow","id":"a726cf14-3df6-445c-9909-544137953930","ts":"2026-03-05T22:44:00.098+00:00","eventName":"n8n.workflow.success","message":"n8n.workflow.success","payload":{"userId":"7e0c9b4f-19bc-4d33-bab4-29a3af700c1c","executionId":"1362","success":true,"isManual":true,"workflowId":"vt9snwxByiI7Ln14","workflowName":"Smart Home Workflow Creator"}}
{"__type":"$$EventMessageConfirm","confirm":"a726cf14-3df6-445c-9909-544137953930","ts":"2026-03-05T22:44:00.098+00:00","source":{"id":"0","name":"eventBus"}}
{"__type":"$$EventMessageWorkflow","id":"939505f6-71df-4860-975c-251d4af8a143","ts":"2026-03-05T22:44:22.286+00:00","eventName":"n8n.workflow.started","message":"n8n.workflow.started","payload":{"executionId":"1363","workflowId":"vt9snwxByiI7Ln14","isManual":false,"workflowName":"Smart Home Workflow Creator"}}
{"__type":"$$EventMessageConfirm","confirm":"939505f6-71df-4860-975c-251d4af8a143","ts":"2026-03-05T22:44:22.286+00:00","source":{"id":"0","name":"eventBus"}}
{"__type":"$$EventMessageNode","id":"e75543f2-0c49-4fe0-a05b-15eaf1cbd1ad","ts":"2026-03-05T22:44:22.288+00:00","eventName":"n8n.node.started","message":"n8n.node.started","payload":{"workflowId":"vt9snwxByiI7Ln14","workflowName":"Smart Home Workflow Creator","executionId":"1363","nodeType":"n8n-nodes-base.aggregate","nodeName":"Aggregate","nodeId":"5c98e187-a1e5-46ff-aab6-94f9d11c89b3"}}
{"__type":"$$EventMessageConfirm","confirm":"e75543f2-0c49-4fe0-a05b-15eaf1cbd1ad","ts":"2026-03-05T22:44:22.288+00:00","source":{"id":"0","name":"eventBus"}}
{"__type":"$$EventMessageNode","id":"3fe8f420-8078-40e5-b9f5-c1a0eeede32a","ts":"2026-03-05T22:44:22.289+00:00","eventName":"n8n.node.finished","message":"n8n.node.finished","payload":{"workflowId":"vt9snwxByiI7Ln14","workflowName":"Smart Home Workflow Creator","executionId":"1363","nodeType":"n8n-nodes-base.aggregate","nodeName":"Aggregate","nodeId":"5c98e187-a1e5-46ff-aab6-94f9d11c89b3"}}
{"__type":"$$EventMessageConfirm","confirm":"3fe8f420-8078-40e5-b9f5-c1a0eeede32a","ts":"2026-03-05T22:44:22.289+00:00","source":{"id":"0","name":"eventBus"}}
{"__type":"$$EventMessageWorkflow","id":"69bb968d-e8a2-4ee3-b3ab-99e7e851087f","ts":"2026-03-05T22:44:22.291+00:00","eventName":"n8n.workflow.success","message":"n8n.workflow.success","payload":{"userId":"7e0c9b4f-19bc-4d33-bab4-29a3af700c1c","executionId":"1363","success":true,"isManual":true,"workflowId":"vt9snwxByiI7Ln14","workflowName":"Smart Home Workflow Creator"}}
{"__type":"$$EventMessageConfirm","confirm":"69bb968d-e8a2-4ee3-b3ab-99e7e851087f","ts":"2026-03-05T22:44:22.291+00:00","source":{"id":"0","name":"eventBus"}}
{"__type":"$$EventMessageWorkflow","id":"7d8f8d3b-10de-41b2-989b-9ad9b579a9a3","ts":"2026-03-05T22:45:29.362+00:00","eventName":"n8n.workflow.started","message":"n8n.workflow.started","payload":{"executionId":"1364","workflowId":"vt9snwxByiI7Ln14","isManual":false,"workflowName":"Smart Home Workflow Creator"}}
{"__type":"$$EventMessageConfirm","confirm":"7d8f8d3b-10de-41b2-989b-9ad9b579a9a3","ts":"2026-03-05T22:45:29.362+00:00","source":{"id":"0","name":"eventBus"}}
{"__type":"$$EventMessageNode","id":"b60488ee-d8c1-4753-963a-ef4848d7edd1","ts":"2026-03-05T22:45:29.365+00:00","eventName":"n8n.node.started","message":"n8n.node.started","payload":{"workflowId":"vt9snwxByiI7Ln14","workflowName":"Smart Home Workflow Creator","executionId":"1364","nodeType":"n8n-nodes-base.respondToWebhook","nodeName":"Respond to Webhook1","nodeId":"134911b4-7cf7-4106-bb3a-171d8b2b54bb"}}
{"__type":"$$EventMessageConfirm","confirm":"b60488ee-d8c1-4753-963a-ef4848d7edd1","ts":"2026-03-05T22:45:29.365+00:00","source":{"id":"0","name":"eventBus"}}
{"__type":"$$EventMessageNode","id":"602cd611-13c5-4c77-8b6d-3bcd5314fd54","ts":"2026-03-05T22:45:29.404+00:00","eventName":"n8n.node.finished","message":"n8n.node.finished","payload":{"workflowId":"vt9snwxByiI7Ln14","workflowName":"Smart Home Workflow Creator","executionId":"1364","nodeType":"n8n-nodes-base.respondToWebhook","nodeName":"Respond to Webhook1","nodeId":"134911b4-7cf7-4106-bb3a-171d8b2b54bb"}}
{"__type":"$$EventMessageConfirm","confirm":"602cd611-13c5-4c77-8b6d-3bcd5314fd54","ts":"2026-03-05T22:45:29.404+00:00","source":{"id":"0","name":"eventBus"}}
{"__type":"$$EventMessageWorkflow","id":"4af55d1e-9c19-4736-b148-75234eab7c86","ts":"2026-03-05T22:45:29.404+00:00","eventName":"n8n.workflow.failed","message":"n8n.workflow.failed","payload":{"userId":"7e0c9b4f-19bc-4d33-bab4-29a3af700c1c","executionId":"1364","success":false,"isManual":true,"workflowId":"vt9snwxByiI7Ln14","workflowName":"Smart Home Workflow Creator","lastNodeExecuted":"Respond to Webhook1","errorNodeType":"n8n-nodes-base.respondToWebhook","errorMessage":"No Webhook node found in the workflow"}}
{"__type":"$$EventMessageConfirm","confirm":"4af55d1e-9c19-4736-b148-75234eab7c86","ts":"2026-03-05T22:45:29.404+00:00","source":{"id":"0","name":"eventBus"}}
{"__type":"$$EventMessageAudit","id":"ee25d0f0-3d69-45ad-b725-920b753c0226","ts":"2026-03-05T22:46:07.832+00:00","eventName":"n8n.audit.workflow.updated","message":"n8n.audit.workflow.updated","payload":{"userId":"7e0c9b4f-19bc-4d33-bab4-29a3af700c1c","_email":"admin@admin.com","_firstName":"admin","_lastName":"admin","globalRole":"global:owner","workflowId":"vt9snwxByiI7Ln14","workflowName":"Smart Home Workflow Creator"}}
{"__type":"$$EventMessageConfirm","confirm":"ee25d0f0-3d69-45ad-b725-920b753c0226","ts":"2026-03-05T22:46:07.833+00:00","source":{"id":"0","name":"eventBus"}}
{"__type":"$$EventMessageWorkflow","id":"289b2961-8994-4a62-aa89-029af6f2025e","ts":"2026-03-05T22:46:15.399+00:00","eventName":"n8n.workflow.started","message":"n8n.workflow.started","payload":{"executionId":"1365","workflowId":"vt9snwxByiI7Ln14","isManual":false,"workflowName":"Smart Home Workflow Creator"}}
{"__type":"$$EventMessageConfirm","confirm":"289b2961-8994-4a62-aa89-029af6f2025e","ts":"2026-03-05T22:46:15.399+00:00","source":{"id":"0","name":"eventBus"}}
{"__type":"$$EventMessageNode","id":"cc5595e3-5f64-4a9f-a896-18f85dc58bf3","ts":"2026-03-05T22:46:15.401+00:00","eventName":"n8n.node.started","message":"n8n.node.started","payload":{"workflowId":"vt9snwxByiI7Ln14","workflowName":"Smart Home Workflow Creator","executionId":"1365","nodeType":"n8n-nodes-base.webhook","nodeName":"Get Scenarios","nodeId":"2eb09d8c-4270-4850-b632-afd1a66e4e4b"}}
{"__type":"$$EventMessageConfirm","confirm":"cc5595e3-5f64-4a9f-a896-18f85dc58bf3","ts":"2026-03-05T22:46:15.401+00:00","source":{"id":"0","name":"eventBus"}}
{"__type":"$$EventMessageNode","id":"9260f912-0cb8-40d0-a3d2-c7a4b6a0fe83","ts":"2026-03-05T22:46:15.403+00:00","eventName":"n8n.node.finished","message":"n8n.node.finished","payload":{"workflowId":"vt9snwxByiI7Ln14","workflowName":"Smart Home Workflow Creator","executionId":"1365","nodeType":"n8n-nodes-base.webhook","nodeName":"Get Scenarios","nodeId":"2eb09d8c-4270-4850-b632-afd1a66e4e4b"}}
{"__type":"$$EventMessageConfirm","confirm":"9260f912-0cb8-40d0-a3d2-c7a4b6a0fe83","ts":"2026-03-05T22:46:15.403+00:00","source":{"id":"0","name":"eventBus"}}
{"__type":"$$EventMessageNode","id":"120ed555-e8a9-4235-811c-c05a7bb61e7a","ts":"2026-03-05T22:46:15.404+00:00","eventName":"n8n.node.started","message":"n8n.node.started","payload":{"workflowId":"vt9snwxByiI7Ln14","workflowName":"Smart Home Workflow Creator","executionId":"1365","nodeType":"n8n-nodes-base.n8n","nodeName":"Get many workflows","nodeId":"95a12172-6f07-4f3f-bca7-d01b6cd8e282"}}
{"__type":"$$EventMessageConfirm","confirm":"120ed555-e8a9-4235-811c-c05a7bb61e7a","ts":"2026-03-05T22:46:15.404+00:00","source":{"id":"0","name":"eventBus"}}
{"__type":"$$EventMessageNode","id":"f669ae31-5f9a-4849-a6c1-89b7d7f9ab68","ts":"2026-03-05T22:46:15.430+00:00","eventName":"n8n.node.finished","message":"n8n.node.finished","payload":{"workflowId":"vt9snwxByiI7Ln14","workflowName":"Smart Home Workflow Creator","executionId":"1365","nodeType":"n8n-nodes-base.n8n","nodeName":"Get many workflows","nodeId":"95a12172-6f07-4f3f-bca7-d01b6cd8e282"}}
{"__type":"$$EventMessageConfirm","confirm":"f669ae31-5f9a-4849-a6c1-89b7d7f9ab68","ts":"2026-03-05T22:46:15.430+00:00","source":{"id":"0","name":"eventBus"}}
{"__type":"$$EventMessageNode","id":"78b4e6fc-6c47-45d9-9a06-add71f5cfe02","ts":"2026-03-05T22:46:15.431+00:00","eventName":"n8n.node.started","message":"n8n.node.started","payload":{"workflowId":"vt9snwxByiI7Ln14","workflowName":"Smart Home Workflow Creator","executionId":"1365","nodeType":"n8n-nodes-base.code","nodeName":"Code in JavaScript","nodeId":"6a3511ef-14c2-421a-9380-7d1af3ba7212"}}
{"__type":"$$EventMessageConfirm","confirm":"78b4e6fc-6c47-45d9-9a06-add71f5cfe02","ts":"2026-03-05T22:46:15.431+00:00","source":{"id":"0","name":"eventBus"}}
{"__type":"$$EventMessageNode","id":"e932cf16-9f79-41a3-bd14-64d5703e89d3","ts":"2026-03-05T22:46:15.437+00:00","eventName":"n8n.node.finished","message":"n8n.node.finished","payload":{"workflowId":"vt9snwxByiI7Ln14","workflowName":"Smart Home Workflow Creator","executionId":"1365","nodeType":"n8n-nodes-base.code","nodeName":"Code in JavaScript","nodeId":"6a3511ef-14c2-421a-9380-7d1af3ba7212"}}
{"__type":"$$EventMessageConfirm","confirm":"e932cf16-9f79-41a3-bd14-64d5703e89d3","ts":"2026-03-05T22:46:15.437+00:00","source":{"id":"0","name":"eventBus"}}
{"__type":"$$EventMessageNode","id":"4e7bf85c-2c63-47d6-a5c4-7cdd4c7a2915","ts":"2026-03-05T22:46:15.438+00:00","eventName":"n8n.node.started","message":"n8n.node.started","payload":{"workflowId":"vt9snwxByiI7Ln14","workflowName":"Smart Home Workflow Creator","executionId":"1365","nodeType":"n8n-nodes-base.aggregate","nodeName":"Aggregate","nodeId":"5c98e187-a1e5-46ff-aab6-94f9d11c89b3"}}
{"__type":"$$EventMessageConfirm","confirm":"4e7bf85c-2c63-47d6-a5c4-7cdd4c7a2915","ts":"2026-03-05T22:46:15.438+00:00","source":{"id":"0","name":"eventBus"}}
{"__type":"$$EventMessageNode","id":"a2bb8130-3982-420b-86f4-8769ab1e72c5","ts":"2026-03-05T22:46:15.439+00:00","eventName":"n8n.node.finished","message":"n8n.node.finished","payload":{"workflowId":"vt9snwxByiI7Ln14","workflowName":"Smart Home Workflow Creator","executionId":"1365","nodeType":"n8n-nodes-base.aggregate","nodeName":"Aggregate","nodeId":"5c98e187-a1e5-46ff-aab6-94f9d11c89b3"}}
{"__type":"$$EventMessageConfirm","confirm":"a2bb8130-3982-420b-86f4-8769ab1e72c5","ts":"2026-03-05T22:46:15.439+00:00","source":{"id":"0","name":"eventBus"}}
{"__type":"$$EventMessageNode","id":"fc821b83-e6e5-486f-8820-be6c814a14f4","ts":"2026-03-05T22:46:15.440+00:00","eventName":"n8n.node.started","message":"n8n.node.started","payload":{"workflowId":"vt9snwxByiI7Ln14","workflowName":"Smart Home Workflow Creator","executionId":"1365","nodeType":"n8n-nodes-base.respondToWebhook","nodeName":"Respond to Webhook1","nodeId":"134911b4-7cf7-4106-bb3a-171d8b2b54bb"}}
{"__type":"$$EventMessageConfirm","confirm":"fc821b83-e6e5-486f-8820-be6c814a14f4","ts":"2026-03-05T22:46:15.440+00:00","source":{"id":"0","name":"eventBus"}}
{"__type":"$$EventMessageNode","id":"f10067b4-1948-4d20-8817-c5efb258180e","ts":"2026-03-05T22:46:15.441+00:00","eventName":"n8n.node.finished","message":"n8n.node.finished","payload":{"workflowId":"vt9snwxByiI7Ln14","workflowName":"Smart Home Workflow Creator","executionId":"1365","nodeType":"n8n-nodes-base.respondToWebhook","nodeName":"Respond to Webhook1","nodeId":"134911b4-7cf7-4106-bb3a-171d8b2b54bb"}}
{"__type":"$$EventMessageConfirm","confirm":"f10067b4-1948-4d20-8817-c5efb258180e","ts":"2026-03-05T22:46:15.441+00:00","source":{"id":"0","name":"eventBus"}}
{"__type":"$$EventMessageWorkflow","id":"ba8b0c95-e3f4-48d3-8f75-14c8609881cd","ts":"2026-03-05T22:46:15.442+00:00","eventName":"n8n.workflow.success","message":"n8n.workflow.success","payload":{"executionId":"1365","success":true,"isManual":true,"workflowId":"vt9snwxByiI7Ln14","workflowName":"Smart Home Workflow Creator"}}
{"__type":"$$EventMessageConfirm","confirm":"ba8b0c95-e3f4-48d3-8f75-14c8609881cd","ts":"2026-03-05T22:46:15.443+00:00","source":{"id":"0","name":"eventBus"}}
{"__type":"$$EventMessageWorkflow","id":"0c605d0b-2346-4b76-aaf0-0903dce65581","ts":"2026-03-05T22:47:14.935+00:00","eventName":"n8n.workflow.started","message":"n8n.workflow.started","payload":{"executionId":"1366","workflowId":"vt9snwxByiI7Ln14","isManual":false,"workflowName":"Smart Home Workflow Creator"}}
{"__type":"$$EventMessageConfirm","confirm":"0c605d0b-2346-4b76-aaf0-0903dce65581","ts":"2026-03-05T22:47:14.935+00:00","source":{"id":"0","name":"eventBus"}}
{"__type":"$$EventMessageNode","id":"225cd3d0-b060-45fc-80f7-0f79be20341b","ts":"2026-03-05T22:47:14.937+00:00","eventName":"n8n.node.started","message":"n8n.node.started","payload":{"workflowId":"vt9snwxByiI7Ln14","workflowName":"Smart Home Workflow Creator","executionId":"1366","nodeType":"n8n-nodes-base.respondToWebhook","nodeName":"Respond to Webhook1","nodeId":"134911b4-7cf7-4106-bb3a-171d8b2b54bb"}}
{"__type":"$$EventMessageConfirm","confirm":"225cd3d0-b060-45fc-80f7-0f79be20341b","ts":"2026-03-05T22:47:14.937+00:00","source":{"id":"0","name":"eventBus"}}
{"__type":"$$EventMessageNode","id":"120e28c4-cd51-4cf0-9064-d1af8a0d6ff4","ts":"2026-03-05T22:47:14.952+00:00","eventName":"n8n.node.finished","message":"n8n.node.finished","payload":{"workflowId":"vt9snwxByiI7Ln14","workflowName":"Smart Home Workflow Creator","executionId":"1366","nodeType":"n8n-nodes-base.respondToWebhook","nodeName":"Respond to Webhook1","nodeId":"134911b4-7cf7-4106-bb3a-171d8b2b54bb"}}
{"__type":"$$EventMessageConfirm","confirm":"120e28c4-cd51-4cf0-9064-d1af8a0d6ff4","ts":"2026-03-05T22:47:14.952+00:00","source":{"id":"0","name":"eventBus"}}
{"__type":"$$EventMessageWorkflow","id":"e5fff603-0c2d-4596-af2e-fa350a017fe0","ts":"2026-03-05T22:47:14.953+00:00","eventName":"n8n.workflow.success","message":"n8n.workflow.success","payload":{"userId":"7e0c9b4f-19bc-4d33-bab4-29a3af700c1c","executionId":"1366","success":true,"isManual":true,"workflowId":"vt9snwxByiI7Ln14","workflowName":"Smart Home Workflow Creator"}}
{"__type":"$$EventMessageConfirm","confirm":"e5fff603-0c2d-4596-af2e-fa350a017fe0","ts":"2026-03-05T22:47:14.953+00:00","source":{"id":"0","name":"eventBus"}}
{"__type":"$$EventMessageAudit","id":"4b764020-6620-4358-95f4-1bd2bfb70059","ts":"2026-03-05T22:47:18.690+00:00","eventName":"n8n.audit.workflow.updated","message":"n8n.audit.workflow.updated","payload":{"userId":"7e0c9b4f-19bc-4d33-bab4-29a3af700c1c","_email":"admin@admin.com","_firstName":"admin","_lastName":"admin","globalRole":"global:owner","workflowId":"vt9snwxByiI7Ln14","workflowName":"Smart Home Workflow Creator"}}
{"__type":"$$EventMessageConfirm","confirm":"4b764020-6620-4358-95f4-1bd2bfb70059","ts":"2026-03-05T22:47:18.690+00:00","source":{"id":"0","name":"eventBus"}}
{"__type":"$$EventMessageWorkflow","id":"231e3c0f-e7bf-465b-9f7f-519124cf5939","ts":"2026-03-05T22:47:24.444+00:00","eventName":"n8n.workflow.started","message":"n8n.workflow.started","payload":{"executionId":"1367","workflowId":"vt9snwxByiI7Ln14","isManual":false,"workflowName":"Smart Home Workflow Creator"}}
{"__type":"$$EventMessageConfirm","confirm":"231e3c0f-e7bf-465b-9f7f-519124cf5939","ts":"2026-03-05T22:47:24.444+00:00","source":{"id":"0","name":"eventBus"}}
{"__type":"$$EventMessageNode","id":"4c63a415-63bb-4036-b212-1c2307b0d1f3","ts":"2026-03-05T22:47:24.445+00:00","eventName":"n8n.node.started","message":"n8n.node.started","payload":{"workflowId":"vt9snwxByiI7Ln14","workflowName":"Smart Home Workflow Creator","executionId":"1367","nodeType":"n8n-nodes-base.webhook","nodeName":"Get Scenarios","nodeId":"2eb09d8c-4270-4850-b632-afd1a66e4e4b"}}
{"__type":"$$EventMessageConfirm","confirm":"4c63a415-63bb-4036-b212-1c2307b0d1f3","ts":"2026-03-05T22:47:24.445+00:00","source":{"id":"0","name":"eventBus"}}
{"__type":"$$EventMessageNode","id":"6af8f019-40d6-4ea9-9562-3baf62d71b7d","ts":"2026-03-05T22:47:24.446+00:00","eventName":"n8n.node.finished","message":"n8n.node.finished","payload":{"workflowId":"vt9snwxByiI7Ln14","workflowName":"Smart Home Workflow Creator","executionId":"1367","nodeType":"n8n-nodes-base.webhook","nodeName":"Get Scenarios","nodeId":"2eb09d8c-4270-4850-b632-afd1a66e4e4b"}}
{"__type":"$$EventMessageConfirm","confirm":"6af8f019-40d6-4ea9-9562-3baf62d71b7d","ts":"2026-03-05T22:47:24.446+00:00","source":{"id":"0","name":"eventBus"}}
{"__type":"$$EventMessageNode","id":"66dcfc70-a223-4bf7-9b99-2eea2523bdb3","ts":"2026-03-05T22:47:24.447+00:00","eventName":"n8n.node.started","message":"n8n.node.started","payload":{"workflowId":"vt9snwxByiI7Ln14","workflowName":"Smart Home Workflow Creator","executionId":"1367","nodeType":"n8n-nodes-base.n8n","nodeName":"Get many workflows","nodeId":"95a12172-6f07-4f3f-bca7-d01b6cd8e282"}}
{"__type":"$$EventMessageConfirm","confirm":"66dcfc70-a223-4bf7-9b99-2eea2523bdb3","ts":"2026-03-05T22:47:24.447+00:00","source":{"id":"0","name":"eventBus"}}
{"__type":"$$EventMessageNode","id":"daf1d24c-d9c3-42ed-b06a-74146d370324","ts":"2026-03-05T22:47:24.473+00:00","eventName":"n8n.node.finished","message":"n8n.node.finished","payload":{"workflowId":"vt9snwxByiI7Ln14","workflowName":"Smart Home Workflow Creator","executionId":"1367","nodeType":"n8n-nodes-base.n8n","nodeName":"Get many workflows","nodeId":"95a12172-6f07-4f3f-bca7-d01b6cd8e282"}}
{"__type":"$$EventMessageConfirm","confirm":"daf1d24c-d9c3-42ed-b06a-74146d370324","ts":"2026-03-05T22:47:24.473+00:00","source":{"id":"0","name":"eventBus"}}
{"__type":"$$EventMessageNode","id":"3c29939a-fa39-43ca-b865-369ce7f38ac6","ts":"2026-03-05T22:47:24.474+00:00","eventName":"n8n.node.started","message":"n8n.node.started","payload":{"workflowId":"vt9snwxByiI7Ln14","workflowName":"Smart Home Workflow Creator","executionId":"1367","nodeType":"n8n-nodes-base.code","nodeName":"Code in JavaScript","nodeId":"6a3511ef-14c2-421a-9380-7d1af3ba7212"}}
{"__type":"$$EventMessageConfirm","confirm":"3c29939a-fa39-43ca-b865-369ce7f38ac6","ts":"2026-03-05T22:47:24.474+00:00","source":{"id":"0","name":"eventBus"}}
{"__type":"$$EventMessageNode","id":"4964ff12-1c17-4849-9eeb-342e0979406c","ts":"2026-03-05T22:47:24.480+00:00","eventName":"n8n.node.finished","message":"n8n.node.finished","payload":{"workflowId":"vt9snwxByiI7Ln14","workflowName":"Smart Home Workflow Creator","executionId":"1367","nodeType":"n8n-nodes-base.code","nodeName":"Code in JavaScript","nodeId":"6a3511ef-14c2-421a-9380-7d1af3ba7212"}}
{"__type":"$$EventMessageConfirm","confirm":"4964ff12-1c17-4849-9eeb-342e0979406c","ts":"2026-03-05T22:47:24.480+00:00","source":{"id":"0","name":"eventBus"}}
{"__type":"$$EventMessageNode","id":"81880cef-9667-40d0-8ebd-0239c35a8f1a","ts":"2026-03-05T22:47:24.481+00:00","eventName":"n8n.node.started","message":"n8n.node.started","payload":{"workflowId":"vt9snwxByiI7Ln14","workflowName":"Smart Home Workflow Creator","executionId":"1367","nodeType":"n8n-nodes-base.aggregate","nodeName":"Aggregate","nodeId":"5c98e187-a1e5-46ff-aab6-94f9d11c89b3"}}
{"__type":"$$EventMessageConfirm","confirm":"81880cef-9667-40d0-8ebd-0239c35a8f1a","ts":"2026-03-05T22:47:24.481+00:00","source":{"id":"0","name":"eventBus"}}
{"__type":"$$EventMessageNode","id":"cf0ba7a3-dc82-45f1-ba86-a5c07fd7b9b5","ts":"2026-03-05T22:47:24.482+00:00","eventName":"n8n.node.finished","message":"n8n.node.finished","payload":{"workflowId":"vt9snwxByiI7Ln14","workflowName":"Smart Home Workflow Creator","executionId":"1367","nodeType":"n8n-nodes-base.aggregate","nodeName":"Aggregate","nodeId":"5c98e187-a1e5-46ff-aab6-94f9d11c89b3"}}
{"__type":"$$EventMessageConfirm","confirm":"cf0ba7a3-dc82-45f1-ba86-a5c07fd7b9b5","ts":"2026-03-05T22:47:24.482+00:00","source":{"id":"0","name":"eventBus"}}
{"__type":"$$EventMessageNode","id":"98eb753a-2361-45f9-a151-a0b9e62ec5eb","ts":"2026-03-05T22:47:24.482+00:00","eventName":"n8n.node.started","message":"n8n.node.started","payload":{"workflowId":"vt9snwxByiI7Ln14","workflowName":"Smart Home Workflow Creator","executionId":"1367","nodeType":"n8n-nodes-base.respondToWebhook","nodeName":"Respond to Webhook1","nodeId":"134911b4-7cf7-4106-bb3a-171d8b2b54bb"}}
{"__type":"$$EventMessageConfirm","confirm":"98eb753a-2361-45f9-a151-a0b9e62ec5eb","ts":"2026-03-05T22:47:24.482+00:00","source":{"id":"0","name":"eventBus"}}
{"__type":"$$EventMessageNode","id":"829e7515-f9d1-4752-9265-1ede60d49b61","ts":"2026-03-05T22:47:24.483+00:00","eventName":"n8n.node.finished","message":"n8n.node.finished","payload":{"workflowId":"vt9snwxByiI7Ln14","workflowName":"Smart Home Workflow Creator","executionId":"1367","nodeType":"n8n-nodes-base.respondToWebhook","nodeName":"Respond to Webhook1","nodeId":"134911b4-7cf7-4106-bb3a-171d8b2b54bb"}}
{"__type":"$$EventMessageConfirm","confirm":"829e7515-f9d1-4752-9265-1ede60d49b61","ts":"2026-03-05T22:47:24.483+00:00","source":{"id":"0","name":"eventBus"}}
{"__type":"$$EventMessageWorkflow","id":"5321c26c-0db8-4c41-9135-b12bbfe65ebe","ts":"2026-03-05T22:47:24.484+00:00","eventName":"n8n.workflow.success","message":"n8n.workflow.success","payload":{"executionId":"1367","success":true,"isManual":true,"workflowId":"vt9snwxByiI7Ln14","workflowName":"Smart Home Workflow Creator"}}
{"__type":"$$EventMessageConfirm","confirm":"5321c26c-0db8-4c41-9135-b12bbfe65ebe","ts":"2026-03-05T22:47:24.485+00:00","source":{"id":"0","name":"eventBus"}}
{"__type":"$$EventMessageAudit","id":"b4fdc937-a5b0-4eae-8115-3139328d7206","ts":"2026-03-05T22:47:42.753+00:00","eventName":"n8n.audit.workflow.updated","message":"n8n.audit.workflow.updated","payload":{"userId":"7e0c9b4f-19bc-4d33-bab4-29a3af700c1c","_email":"admin@admin.com","_firstName":"admin","_lastName":"admin","globalRole":"global:owner","workflowId":"vt9snwxByiI7Ln14","workflowName":"Smart Home Workflow Creator"}}
{"__type":"$$EventMessageConfirm","confirm":"b4fdc937-a5b0-4eae-8115-3139328d7206","ts":"2026-03-05T22:47:42.753+00:00","source":{"id":"0","name":"eventBus"}}
{"__type":"$$EventMessageAudit","id":"533b881b-2ebb-4ebb-a401-35fa02fe7f21","ts":"2026-03-05T22:47:49.361+00:00","eventName":"n8n.audit.workflow.updated","message":"n8n.audit.workflow.updated","payload":{"userId":"7e0c9b4f-19bc-4d33-bab4-29a3af700c1c","_email":"admin@admin.com","_firstName":"admin","_lastName":"admin","globalRole":"global:owner","workflowId":"vt9snwxByiI7Ln14","workflowName":"Smart Home Workflow Creator"}}
{"__type":"$$EventMessageConfirm","confirm":"533b881b-2ebb-4ebb-a401-35fa02fe7f21","ts":"2026-03-05T22:47:49.361+00:00","source":{"id":"0","name":"eventBus"}}
{"__type":"$$EventMessageAudit","id":"233ec504-e24c-4a87-9e28-846e2b8c84a7","ts":"2026-03-05T22:49:22.738+00:00","eventName":"n8n.audit.workflow.updated","message":"n8n.audit.workflow.updated","payload":{"userId":"7e0c9b4f-19bc-4d33-bab4-29a3af700c1c","_email":"admin@admin.com","_firstName":"admin","_lastName":"admin","globalRole":"global:owner","workflowId":"vt9snwxByiI7Ln14","workflowName":"Smart Home Workflow Creator"}}
{"__type":"$$EventMessageConfirm","confirm":"233ec504-e24c-4a87-9e28-846e2b8c84a7","ts":"2026-03-05T22:49:22.738+00:00","source":{"id":"0","name":"eventBus"}}
{"__type":"$$EventMessageAudit","id":"1557296d-ca92-4b3e-ab3a-414b417a6119","ts":"2026-03-05T22:50:06.202+00:00","eventName":"n8n.audit.workflow.updated","message":"n8n.audit.workflow.updated","payload":{"userId":"7e0c9b4f-19bc-4d33-bab4-29a3af700c1c","_email":"admin@admin.com","_firstName":"admin","_lastName":"admin","globalRole":"global:owner","workflowId":"vt9snwxByiI7Ln14","workflowName":"Smart Home Workflow Creator"}}
{"__type":"$$EventMessageConfirm","confirm":"1557296d-ca92-4b3e-ab3a-414b417a6119","ts":"2026-03-05T22:50:06.203+00:00","source":{"id":"0","name":"eventBus"}}
{"__type":"$$EventMessageAudit","id":"94e98378-693b-4396-b54b-6cb156da197e","ts":"2026-03-05T22:51:13.077+00:00","eventName":"n8n.audit.workflow.updated","message":"n8n.audit.workflow.updated","payload":{"userId":"7e0c9b4f-19bc-4d33-bab4-29a3af700c1c","_email":"admin@admin.com","_firstName":"admin","_lastName":"admin","globalRole":"global:owner","workflowId":"vt9snwxByiI7Ln14","workflowName":"Smart Home Workflow Creator"}}
{"__type":"$$EventMessageConfirm","confirm":"94e98378-693b-4396-b54b-6cb156da197e","ts":"2026-03-05T22:51:13.077+00:00","source":{"id":"0","name":"eventBus"}}
{"__type":"$$EventMessageWorkflow","id":"a06a2bd8-576f-435c-9696-e5b629ed4766","ts":"2026-03-05T22:51:49.619+00:00","eventName":"n8n.workflow.started","message":"n8n.workflow.started","payload":{"executionId":"1368","workflowId":"vt9snwxByiI7Ln14","isManual":false,"workflowName":"Smart Home Workflow Creator"}}
{"__type":"$$EventMessageConfirm","confirm":"a06a2bd8-576f-435c-9696-e5b629ed4766","ts":"2026-03-05T22:51:49.619+00:00","source":{"id":"0","name":"eventBus"}}
{"__type":"$$EventMessageNode","id":"2756ce8e-853c-4a29-8013-cd8660cd6447","ts":"2026-03-05T22:51:49.620+00:00","eventName":"n8n.node.started","message":"n8n.node.started","payload":{"workflowId":"vt9snwxByiI7Ln14","workflowName":"Smart Home Workflow Creator","executionId":"1368","nodeType":"n8n-nodes-base.n8n","nodeName":"Delete a workflow","nodeId":"c3c823e1-1b70-460f-800a-7cc0f2ccddc5"}}
{"__type":"$$EventMessageConfirm","confirm":"2756ce8e-853c-4a29-8013-cd8660cd6447","ts":"2026-03-05T22:51:49.620+00:00","source":{"id":"0","name":"eventBus"}}
{"__type":"$$EventMessageAudit","id":"5fe58713-1726-4a55-b828-7b43cea3b613","ts":"2026-03-05T22:51:49.735+00:00","eventName":"n8n.audit.workflow.deleted","message":"n8n.audit.workflow.deleted","payload":{"userId":"7e0c9b4f-19bc-4d33-bab4-29a3af700c1c","_email":"admin@admin.com","_firstName":"admin","_lastName":"admin","globalRole":"global:owner","workflowId":"t77zRJ1Z8BhqBI7y"}}
{"__type":"$$EventMessageConfirm","confirm":"5fe58713-1726-4a55-b828-7b43cea3b613","ts":"2026-03-05T22:51:49.735+00:00","source":{"id":"0","name":"eventBus"}}
{"__type":"$$EventMessageNode","id":"669be179-5add-45c4-ba64-5e45d473740f","ts":"2026-03-05T22:51:49.738+00:00","eventName":"n8n.node.finished","message":"n8n.node.finished","payload":{"workflowId":"vt9snwxByiI7Ln14","workflowName":"Smart Home Workflow Creator","executionId":"1368","nodeType":"n8n-nodes-base.n8n","nodeName":"Delete a workflow","nodeId":"c3c823e1-1b70-460f-800a-7cc0f2ccddc5"}}
{"__type":"$$EventMessageConfirm","confirm":"669be179-5add-45c4-ba64-5e45d473740f","ts":"2026-03-05T22:51:49.738+00:00","source":{"id":"0","name":"eventBus"}}
{"__type":"$$EventMessageWorkflow","id":"c4f4a7da-da24-4a00-a23f-9a086bd0f17a","ts":"2026-03-05T22:51:49.738+00:00","eventName":"n8n.workflow.success","message":"n8n.workflow.success","payload":{"userId":"7e0c9b4f-19bc-4d33-bab4-29a3af700c1c","executionId":"1368","success":true,"isManual":true,"workflowId":"vt9snwxByiI7Ln14","workflowName":"Smart Home Workflow Creator"}}
{"__type":"$$EventMessageConfirm","confirm":"c4f4a7da-da24-4a00-a23f-9a086bd0f17a","ts":"2026-03-05T22:51:49.738+00:00","source":{"id":"0","name":"eventBus"}}
{"__type":"$$EventMessageWorkflow","id":"2eec0a74-804e-469b-8929-41b62e2df917","ts":"2026-03-05T22:52:08.455+00:00","eventName":"n8n.workflow.started","message":"n8n.workflow.started","payload":{"executionId":"1369","workflowId":"vt9snwxByiI7Ln14","isManual":false,"workflowName":"Smart Home Workflow Creator"}}
{"__type":"$$EventMessageConfirm","confirm":"2eec0a74-804e-469b-8929-41b62e2df917","ts":"2026-03-05T22:52:08.455+00:00","source":{"id":"0","name":"eventBus"}}
{"__type":"$$EventMessageNode","id":"695edd86-616b-4e90-b00c-375f455ed578","ts":"2026-03-05T22:52:08.457+00:00","eventName":"n8n.node.started","message":"n8n.node.started","payload":{"workflowId":"vt9snwxByiI7Ln14","workflowName":"Smart Home Workflow Creator","executionId":"1369","nodeType":"n8n-nodes-base.n8n","nodeName":"Delete a workflow","nodeId":"c3c823e1-1b70-460f-800a-7cc0f2ccddc5"}}
{"__type":"$$EventMessageConfirm","confirm":"695edd86-616b-4e90-b00c-375f455ed578","ts":"2026-03-05T22:52:08.457+00:00","source":{"id":"0","name":"eventBus"}}
{"__type":"$$EventMessageNode","id":"dc8802af-b882-4f29-a73d-c88ddbcf1f9c","ts":"2026-03-05T22:52:08.569+00:00","eventName":"n8n.node.finished","message":"n8n.node.finished","payload":{"workflowId":"vt9snwxByiI7Ln14","workflowName":"Smart Home Workflow Creator","executionId":"1369","nodeType":"n8n-nodes-base.n8n","nodeName":"Delete a workflow","nodeId":"c3c823e1-1b70-460f-800a-7cc0f2ccddc5"}}
{"__type":"$$EventMessageConfirm","confirm":"dc8802af-b882-4f29-a73d-c88ddbcf1f9c","ts":"2026-03-05T22:52:08.569+00:00","source":{"id":"0","name":"eventBus"}}
{"__type":"$$EventMessageWorkflow","id":"af6c0640-6ae3-47b8-a1a9-46ff4c3771ed","ts":"2026-03-05T22:52:08.569+00:00","eventName":"n8n.workflow.failed","message":"n8n.workflow.failed","payload":{"userId":"7e0c9b4f-19bc-4d33-bab4-29a3af700c1c","executionId":"1369","success":false,"isManual":true,"workflowId":"vt9snwxByiI7Ln14","workflowName":"Smart Home Workflow Creator","lastNodeExecuted":"Delete a workflow","errorNodeType":"n8n-nodes-base.n8n","errorMessage":"The resource you are requesting could not be found"}}
{"__type":"$$EventMessageConfirm","confirm":"af6c0640-6ae3-47b8-a1a9-46ff4c3771ed","ts":"2026-03-05T22:52:08.569+00:00","source":{"id":"0","name":"eventBus"}}
{"__type":"$$EventMessageWorkflow","id":"1c2be313-9f52-4b73-8ced-7ec3e5f5a81a","ts":"2026-03-05T22:52:51.705+00:00","eventName":"n8n.workflow.started","message":"n8n.workflow.started","payload":{"executionId":"1370","workflowId":"vt9snwxByiI7Ln14","isManual":false,"workflowName":"Smart Home Workflow Creator"}}
{"__type":"$$EventMessageConfirm","confirm":"1c2be313-9f52-4b73-8ced-7ec3e5f5a81a","ts":"2026-03-05T22:52:51.705+00:00","source":{"id":"0","name":"eventBus"}}
{"__type":"$$EventMessageNode","id":"996b6b7b-0b7a-4d37-a59e-70c318cb0766","ts":"2026-03-05T22:52:51.707+00:00","eventName":"n8n.node.started","message":"n8n.node.started","payload":{"workflowId":"vt9snwxByiI7Ln14","workflowName":"Smart Home Workflow Creator","executionId":"1370","nodeType":"n8n-nodes-base.n8n","nodeName":"Get many workflows","nodeId":"95a12172-6f07-4f3f-bca7-d01b6cd8e282"}}
{"__type":"$$EventMessageConfirm","confirm":"996b6b7b-0b7a-4d37-a59e-70c318cb0766","ts":"2026-03-05T22:52:51.707+00:00","source":{"id":"0","name":"eventBus"}}
{"__type":"$$EventMessageNode","id":"1ee17e9b-2ec8-40b6-ae27-0ded58e1c9d8","ts":"2026-03-05T22:52:51.734+00:00","eventName":"n8n.node.finished","message":"n8n.node.finished","payload":{"workflowId":"vt9snwxByiI7Ln14","workflowName":"Smart Home Workflow Creator","executionId":"1370","nodeType":"n8n-nodes-base.n8n","nodeName":"Get many workflows","nodeId":"95a12172-6f07-4f3f-bca7-d01b6cd8e282"}}
{"__type":"$$EventMessageConfirm","confirm":"1ee17e9b-2ec8-40b6-ae27-0ded58e1c9d8","ts":"2026-03-05T22:52:51.734+00:00","source":{"id":"0","name":"eventBus"}}
{"__type":"$$EventMessageNode","id":"efb0e4df-ee9c-4b74-95bd-92c32b710b3d","ts":"2026-03-05T22:52:51.735+00:00","eventName":"n8n.node.started","message":"n8n.node.started","payload":{"workflowId":"vt9snwxByiI7Ln14","workflowName":"Smart Home Workflow Creator","executionId":"1370","nodeType":"n8n-nodes-base.code","nodeName":"Code in JavaScript","nodeId":"6a3511ef-14c2-421a-9380-7d1af3ba7212"}}
{"__type":"$$EventMessageConfirm","confirm":"efb0e4df-ee9c-4b74-95bd-92c32b710b3d","ts":"2026-03-05T22:52:51.735+00:00","source":{"id":"0","name":"eventBus"}}
{"__type":"$$EventMessageNode","id":"e6c216a3-de85-44b2-8744-9b33eb8cca09","ts":"2026-03-05T22:52:51.743+00:00","eventName":"n8n.node.finished","message":"n8n.node.finished","payload":{"workflowId":"vt9snwxByiI7Ln14","workflowName":"Smart Home Workflow Creator","executionId":"1370","nodeType":"n8n-nodes-base.code","nodeName":"Code in JavaScript","nodeId":"6a3511ef-14c2-421a-9380-7d1af3ba7212"}}
{"__type":"$$EventMessageConfirm","confirm":"e6c216a3-de85-44b2-8744-9b33eb8cca09","ts":"2026-03-05T22:52:51.743+00:00","source":{"id":"0","name":"eventBus"}}
{"__type":"$$EventMessageWorkflow","id":"edf9fe8d-7266-4054-8fc4-5166758721cd","ts":"2026-03-05T22:52:51.743+00:00","eventName":"n8n.workflow.success","message":"n8n.workflow.success","payload":{"userId":"7e0c9b4f-19bc-4d33-bab4-29a3af700c1c","executionId":"1370","success":true,"isManual":true,"workflowId":"vt9snwxByiI7Ln14","workflowName":"Smart Home Workflow Creator"}}
{"__type":"$$EventMessageConfirm","confirm":"edf9fe8d-7266-4054-8fc4-5166758721cd","ts":"2026-03-05T22:52:51.743+00:00","source":{"id":"0","name":"eventBus"}}
{"__type":"$$EventMessageWorkflow","id":"a157226f-79d1-48d8-9ac2-c90445dceacc","ts":"2026-03-05T22:55:10.158+00:00","eventName":"n8n.workflow.started","message":"n8n.workflow.started","payload":{"executionId":"1371","workflowId":"vt9snwxByiI7Ln14","isManual":false,"workflowName":"Smart Home Workflow Creator"}}
{"__type":"$$EventMessageConfirm","confirm":"a157226f-79d1-48d8-9ac2-c90445dceacc","ts":"2026-03-05T22:55:10.158+00:00","source":{"id":"0","name":"eventBus"}}
{"__type":"$$EventMessageNode","id":"1d48ac28-bb44-446f-a088-1945bb82d55d","ts":"2026-03-05T22:55:10.160+00:00","eventName":"n8n.node.started","message":"n8n.node.started","payload":{"workflowId":"vt9snwxByiI7Ln14","workflowName":"Smart Home Workflow Creator","executionId":"1371","nodeType":"n8n-nodes-base.code","nodeName":"Code in JavaScript","nodeId":"6a3511ef-14c2-421a-9380-7d1af3ba7212"}}
{"__type":"$$EventMessageConfirm","confirm":"1d48ac28-bb44-446f-a088-1945bb82d55d","ts":"2026-03-05T22:55:10.160+00:00","source":{"id":"0","name":"eventBus"}}
{"__type":"$$EventMessageNode","id":"73453da4-9822-4db2-9283-c56e2350951e","ts":"2026-03-05T22:55:10.172+00:00","eventName":"n8n.node.finished","message":"n8n.node.finished","payload":{"workflowId":"vt9snwxByiI7Ln14","workflowName":"Smart Home Workflow Creator","executionId":"1371","nodeType":"n8n-nodes-base.code","nodeName":"Code in JavaScript","nodeId":"6a3511ef-14c2-421a-9380-7d1af3ba7212"}}
{"__type":"$$EventMessageConfirm","confirm":"73453da4-9822-4db2-9283-c56e2350951e","ts":"2026-03-05T22:55:10.172+00:00","source":{"id":"0","name":"eventBus"}}
{"__type":"$$EventMessageWorkflow","id":"28ca9ce9-88b7-4f2a-8fbb-9621cbb880ce","ts":"2026-03-05T22:55:10.173+00:00","eventName":"n8n.workflow.success","message":"n8n.workflow.success","payload":{"userId":"7e0c9b4f-19bc-4d33-bab4-29a3af700c1c","executionId":"1371","success":true,"isManual":true,"workflowId":"vt9snwxByiI7Ln14","workflowName":"Smart Home Workflow Creator"}}
{"__type":"$$EventMessageConfirm","confirm":"28ca9ce9-88b7-4f2a-8fbb-9621cbb880ce","ts":"2026-03-05T22:55:10.173+00:00","source":{"id":"0","name":"eventBus"}}
{"__type":"$$EventMessageAudit","id":"d3ba4fbf-24e0-420b-8001-5453555b01e9","ts":"2026-03-05T22:55:17.146+00:00","eventName":"n8n.audit.workflow.updated","message":"n8n.audit.workflow.updated","payload":{"userId":"7e0c9b4f-19bc-4d33-bab4-29a3af700c1c","_email":"admin@admin.com","_firstName":"admin","_lastName":"admin","globalRole":"global:owner","workflowId":"vt9snwxByiI7Ln14","workflowName":"Smart Home Workflow Creator"}}
{"__type":"$$EventMessageConfirm","confirm":"d3ba4fbf-24e0-420b-8001-5453555b01e9","ts":"2026-03-05T22:55:17.146+00:00","source":{"id":"0","name":"eventBus"}}
{"__type":"$$EventMessageWorkflow","id":"384057f2-6327-4ef8-9b92-3b0909ee2412","ts":"2026-03-05T22:55:24.826+00:00","eventName":"n8n.workflow.started","message":"n8n.workflow.started","payload":{"executionId":"1372","workflowId":"vt9snwxByiI7Ln14","isManual":false,"workflowName":"Smart Home Workflow Creator"}}
{"__type":"$$EventMessageConfirm","confirm":"384057f2-6327-4ef8-9b92-3b0909ee2412","ts":"2026-03-05T22:55:24.826+00:00","source":{"id":"0","name":"eventBus"}}
{"__type":"$$EventMessageNode","id":"5e402c2f-ffaf-4271-a8da-fdba27939522","ts":"2026-03-05T22:55:24.827+00:00","eventName":"n8n.node.started","message":"n8n.node.started","payload":{"workflowId":"vt9snwxByiI7Ln14","workflowName":"Smart Home Workflow Creator","executionId":"1372","nodeType":"n8n-nodes-base.aggregate","nodeName":"Aggregate","nodeId":"5c98e187-a1e5-46ff-aab6-94f9d11c89b3"}}
{"__type":"$$EventMessageConfirm","confirm":"5e402c2f-ffaf-4271-a8da-fdba27939522","ts":"2026-03-05T22:55:24.827+00:00","source":{"id":"0","name":"eventBus"}}
{"__type":"$$EventMessageNode","id":"72e65f30-0f43-4a0e-8194-3f4f96dda789","ts":"2026-03-05T22:55:24.827+00:00","eventName":"n8n.node.finished","message":"n8n.node.finished","payload":{"workflowId":"vt9snwxByiI7Ln14","workflowName":"Smart Home Workflow Creator","executionId":"1372","nodeType":"n8n-nodes-base.aggregate","nodeName":"Aggregate","nodeId":"5c98e187-a1e5-46ff-aab6-94f9d11c89b3"}}
{"__type":"$$EventMessageConfirm","confirm":"72e65f30-0f43-4a0e-8194-3f4f96dda789","ts":"2026-03-05T22:55:24.827+00:00","source":{"id":"0","name":"eventBus"}}
{"__type":"$$EventMessageWorkflow","id":"f71f7520-0486-49cc-b090-9870d4ba2c67","ts":"2026-03-05T22:55:24.828+00:00","eventName":"n8n.workflow.success","message":"n8n.workflow.success","payload":{"userId":"7e0c9b4f-19bc-4d33-bab4-29a3af700c1c","executionId":"1372","success":true,"isManual":true,"workflowId":"vt9snwxByiI7Ln14","workflowName":"Smart Home Workflow Creator"}}
{"__type":"$$EventMessageConfirm","confirm":"f71f7520-0486-49cc-b090-9870d4ba2c67","ts":"2026-03-05T22:55:24.828+00:00","source":{"id":"0","name":"eventBus"}}
{"__type":"$$EventMessageAudit","id":"ba9ab269-69ae-4a59-9c78-d3fadc44cc9b","ts":"2026-03-05T22:55:31.230+00:00","eventName":"n8n.audit.workflow.updated","message":"n8n.audit.workflow.updated","payload":{"userId":"7e0c9b4f-19bc-4d33-bab4-29a3af700c1c","_email":"admin@admin.com","_firstName":"admin","_lastName":"admin","globalRole":"global:owner","workflowId":"vt9snwxByiI7Ln14","workflowName":"Smart Home Workflow Creator"}}
{"__type":"$$EventMessageConfirm","confirm":"ba9ab269-69ae-4a59-9c78-d3fadc44cc9b","ts":"2026-03-05T22:55:31.230+00:00","source":{"id":"0","name":"eventBus"}}
{"__type":"$$EventMessageAudit","id":"7da42cb8-4ca6-40dc-aef6-fd570e6ab10c","ts":"2026-03-05T22:55:46.276+00:00","eventName":"n8n.audit.workflow.updated","message":"n8n.audit.workflow.updated","payload":{"userId":"7e0c9b4f-19bc-4d33-bab4-29a3af700c1c","_email":"admin@admin.com","_firstName":"admin","_lastName":"admin","globalRole":"global:owner","workflowId":"vt9snwxByiI7Ln14","workflowName":"Smart Home Workflow Creator"}}
{"__type":"$$EventMessageConfirm","confirm":"7da42cb8-4ca6-40dc-aef6-fd570e6ab10c","ts":"2026-03-05T22:55:46.276+00:00","source":{"id":"0","name":"eventBus"}}
{"__type":"$$EventMessageAudit","id":"a85bf343-8206-4dad-a45d-308374bbfc04","ts":"2026-03-05T22:56:16.874+00:00","eventName":"n8n.audit.workflow.updated","message":"n8n.audit.workflow.updated","payload":{"userId":"7e0c9b4f-19bc-4d33-bab4-29a3af700c1c","_email":"admin@admin.com","_firstName":"admin","_lastName":"admin","globalRole":"global:owner","workflowId":"vt9snwxByiI7Ln14","workflowName":"Smart Home Workflow Creator"}}
{"__type":"$$EventMessageConfirm","confirm":"a85bf343-8206-4dad-a45d-308374bbfc04","ts":"2026-03-05T22:56:16.874+00:00","source":{"id":"0","name":"eventBus"}}
{"__type":"$$EventMessageAudit","id":"18c76920-3b4b-4714-8930-418f3c58c30a","ts":"2026-03-05T22:56:27.740+00:00","eventName":"n8n.audit.workflow.updated","message":"n8n.audit.workflow.updated","payload":{"userId":"7e0c9b4f-19bc-4d33-bab4-29a3af700c1c","_email":"admin@admin.com","_firstName":"admin","_lastName":"admin","globalRole":"global:owner","workflowId":"vt9snwxByiI7Ln14","workflowName":"Smart Home Workflow Creator"}}
{"__type":"$$EventMessageConfirm","confirm":"18c76920-3b4b-4714-8930-418f3c58c30a","ts":"2026-03-05T22:56:27.740+00:00","source":{"id":"0","name":"eventBus"}}
{"__type":"$$EventMessageAudit","id":"038deb48-2720-4f9d-a056-3d4cd9d52562","ts":"2026-03-05T22:58:45.866+00:00","eventName":"n8n.audit.workflow.updated","message":"n8n.audit.workflow.updated","payload":{"userId":"7e0c9b4f-19bc-4d33-bab4-29a3af700c1c","_email":"admin@admin.com","_firstName":"admin","_lastName":"admin","globalRole":"global:owner","workflowId":"vt9snwxByiI7Ln14","workflowName":"Smart Home Workflow Creator"}}
{"__type":"$$EventMessageConfirm","confirm":"038deb48-2720-4f9d-a056-3d4cd9d52562","ts":"2026-03-05T22:58:45.866+00:00","source":{"id":"0","name":"eventBus"}}
{"__type":"$$EventMessageAudit","id":"dea11370-573b-4351-8d2a-2f0880396ce1","ts":"2026-03-05T23:38:22.669+00:00","eventName":"n8n.audit.workflow.updated","message":"n8n.audit.workflow.updated","payload":{"userId":"7e0c9b4f-19bc-4d33-bab4-29a3af700c1c","_email":"admin@admin.com","_firstName":"admin","_lastName":"admin","globalRole":"global:owner","workflowId":"vt9snwxByiI7Ln14","workflowName":"Smart Home Workflow Creator"}}
{"__type":"$$EventMessageConfirm","confirm":"dea11370-573b-4351-8d2a-2f0880396ce1","ts":"2026-03-05T23:38:22.669+00:00","source":{"id":"0","name":"eventBus"}}
{"__type":"$$EventMessageWorkflow","id":"887fbdf2-3a3f-458d-b507-25954c1630ee","ts":"2026-03-05T23:38:41.796+00:00","eventName":"n8n.workflow.started","message":"n8n.workflow.started","payload":{"executionId":"1373","workflowId":"vt9snwxByiI7Ln14","isManual":false,"workflowName":"Smart Home Workflow Creator"}}
{"__type":"$$EventMessageConfirm","confirm":"887fbdf2-3a3f-458d-b507-25954c1630ee","ts":"2026-03-05T23:38:41.796+00:00","source":{"id":"0","name":"eventBus"}}
{"__type":"$$EventMessageNode","id":"8253ae71-8511-4d1d-979f-d88d1745c199","ts":"2026-03-05T23:38:41.797+00:00","eventName":"n8n.node.started","message":"n8n.node.started","payload":{"workflowId":"vt9snwxByiI7Ln14","workflowName":"Smart Home Workflow Creator","executionId":"1373","nodeType":"n8n-nodes-base.webhook","nodeName":"Create","nodeId":"bebbb60d-00c4-4094-ab07-50a620c2917f"}}
{"__type":"$$EventMessageConfirm","confirm":"8253ae71-8511-4d1d-979f-d88d1745c199","ts":"2026-03-05T23:38:41.797+00:00","source":{"id":"0","name":"eventBus"}}
{"__type":"$$EventMessageNode","id":"551d05c5-daa5-447d-9235-6c94aad70374","ts":"2026-03-05T23:38:41.797+00:00","eventName":"n8n.node.finished","message":"n8n.node.finished","payload":{"workflowId":"vt9snwxByiI7Ln14","workflowName":"Smart Home Workflow Creator","executionId":"1373","nodeType":"n8n-nodes-base.webhook","nodeName":"Create","nodeId":"bebbb60d-00c4-4094-ab07-50a620c2917f"}}
{"__type":"$$EventMessageConfirm","confirm":"551d05c5-daa5-447d-9235-6c94aad70374","ts":"2026-03-05T23:38:41.797+00:00","source":{"id":"0","name":"eventBus"}}
{"__type":"$$EventMessageNode","id":"88130a5e-5390-4cb1-86e6-d4d145a64b28","ts":"2026-03-05T23:38:41.797+00:00","eventName":"n8n.node.started","message":"n8n.node.started","payload":{"workflowId":"vt9snwxByiI7Ln14","workflowName":"Smart Home Workflow Creator","executionId":"1373","nodeType":"n8n-nodes-base.set","nodeName":"triggers & actions","nodeId":"0a8f3950-700d-43e1-84a2-758153a009d9"}}
{"__type":"$$EventMessageConfirm","confirm":"88130a5e-5390-4cb1-86e6-d4d145a64b28","ts":"2026-03-05T23:38:41.797+00:00","source":{"id":"0","name":"eventBus"}}
{"__type":"$$EventMessageNode","id":"73211112-7d78-4e53-8dcb-d312022ce980","ts":"2026-03-05T23:38:41.808+00:00","eventName":"n8n.node.finished","message":"n8n.node.finished","payload":{"workflowId":"vt9snwxByiI7Ln14","workflowName":"Smart Home Workflow Creator","executionId":"1373","nodeType":"n8n-nodes-base.set","nodeName":"triggers & actions","nodeId":"0a8f3950-700d-43e1-84a2-758153a009d9"}}
{"__type":"$$EventMessageConfirm","confirm":"73211112-7d78-4e53-8dcb-d312022ce980","ts":"2026-03-05T23:38:41.808+00:00","source":{"id":"0","name":"eventBus"}}
{"__type":"$$EventMessageNode","id":"1de3c34d-e2fd-472a-afc9-787ce5eb5349","ts":"2026-03-05T23:38:41.808+00:00","eventName":"n8n.node.started","message":"n8n.node.started","payload":{"workflowId":"vt9snwxByiI7Ln14","workflowName":"Smart Home Workflow Creator","executionId":"1373","nodeType":"n8n-nodes-base.code","nodeName":"actions","nodeId":"226503d0-aa9f-4a19-aac8-c4391c2a87aa"}}
{"__type":"$$EventMessageConfirm","confirm":"1de3c34d-e2fd-472a-afc9-787ce5eb5349","ts":"2026-03-05T23:38:41.808+00:00","source":{"id":"0","name":"eventBus"}}
{"__type":"$$EventMessageNode","id":"62e874e5-aecd-4db5-ad2b-7afc37e69849","ts":"2026-03-05T23:38:41.814+00:00","eventName":"n8n.node.finished","message":"n8n.node.finished","payload":{"workflowId":"vt9snwxByiI7Ln14","workflowName":"Smart Home Workflow Creator","executionId":"1373","nodeType":"n8n-nodes-base.code","nodeName":"actions","nodeId":"226503d0-aa9f-4a19-aac8-c4391c2a87aa"}}
{"__type":"$$EventMessageConfirm","confirm":"62e874e5-aecd-4db5-ad2b-7afc37e69849","ts":"2026-03-05T23:38:41.814+00:00","source":{"id":"0","name":"eventBus"}}
{"__type":"$$EventMessageNode","id":"549b31da-9692-4011-9f3a-fe65a711638c","ts":"2026-03-05T23:38:41.815+00:00","eventName":"n8n.node.started","message":"n8n.node.started","payload":{"workflowId":"vt9snwxByiI7Ln14","workflowName":"Smart Home Workflow Creator","executionId":"1373","nodeType":"n8n-nodes-base.switch","nodeName":"Switch","nodeId":"f679a7e1-803b-4f08-994b-947bf08a3726"}}
{"__type":"$$EventMessageConfirm","confirm":"549b31da-9692-4011-9f3a-fe65a711638c","ts":"2026-03-05T23:38:41.815+00:00","source":{"id":"0","name":"eventBus"}}
{"__type":"$$EventMessageNode","id":"0231ba59-5db3-472d-a7e2-b1722a7cff79","ts":"2026-03-05T23:38:41.833+00:00","eventName":"n8n.node.finished","message":"n8n.node.finished","payload":{"workflowId":"vt9snwxByiI7Ln14","workflowName":"Smart Home Workflow Creator","executionId":"1373","nodeType":"n8n-nodes-base.switch","nodeName":"Switch","nodeId":"f679a7e1-803b-4f08-994b-947bf08a3726"}}
{"__type":"$$EventMessageConfirm","confirm":"0231ba59-5db3-472d-a7e2-b1722a7cff79","ts":"2026-03-05T23:38:41.834+00:00","source":{"id":"0","name":"eventBus"}}
{"__type":"$$EventMessageNode","id":"1858328e-7221-4840-8b79-0aaf2819706a","ts":"2026-03-05T23:38:41.835+00:00","eventName":"n8n.node.started","message":"n8n.node.started","payload":{"workflowId":"vt9snwxByiI7Ln14","workflowName":"Smart Home Workflow Creator","executionId":"1373","nodeType":"n8n-nodes-base.code","nodeName":"sensor","nodeId":"fb50a824-34ad-4043-9a5f-1d1392031634"}}
{"__type":"$$EventMessageConfirm","confirm":"1858328e-7221-4840-8b79-0aaf2819706a","ts":"2026-03-05T23:38:41.835+00:00","source":{"id":"0","name":"eventBus"}}
{"__type":"$$EventMessageNode","id":"80cf09a2-1fff-4255-86fc-4ffb8be06d56","ts":"2026-03-05T23:38:41.839+00:00","eventName":"n8n.node.finished","message":"n8n.node.finished","payload":{"workflowId":"vt9snwxByiI7Ln14","workflowName":"Smart Home Workflow Creator","executionId":"1373","nodeType":"n8n-nodes-base.code","nodeName":"sensor","nodeId":"fb50a824-34ad-4043-9a5f-1d1392031634"}}
{"__type":"$$EventMessageConfirm","confirm":"80cf09a2-1fff-4255-86fc-4ffb8be06d56","ts":"2026-03-05T23:38:41.839+00:00","source":{"id":"0","name":"eventBus"}}
{"__type":"$$EventMessageNode","id":"8254bc7c-57f6-467e-b167-274bd04416dd","ts":"2026-03-05T23:38:41.840+00:00","eventName":"n8n.node.started","message":"n8n.node.started","payload":{"workflowId":"vt9snwxByiI7Ln14","workflowName":"Smart Home Workflow Creator","executionId":"1373","nodeType":"n8n-nodes-base.set","nodeName":"Set Workflow","nodeId":"9314e748-6272-4961-bd26-cee7c3761a19"}}
{"__type":"$$EventMessageConfirm","confirm":"8254bc7c-57f6-467e-b167-274bd04416dd","ts":"2026-03-05T23:38:41.840+00:00","source":{"id":"0","name":"eventBus"}}
{"__type":"$$EventMessageNode","id":"09f58691-a327-4980-9d65-4a0556a8096d","ts":"2026-03-05T23:38:41.850+00:00","eventName":"n8n.node.finished","message":"n8n.node.finished","payload":{"workflowId":"vt9snwxByiI7Ln14","workflowName":"Smart Home Workflow Creator","executionId":"1373","nodeType":"n8n-nodes-base.set","nodeName":"Set Workflow","nodeId":"9314e748-6272-4961-bd26-cee7c3761a19"}}
{"__type":"$$EventMessageConfirm","confirm":"09f58691-a327-4980-9d65-4a0556a8096d","ts":"2026-03-05T23:38:41.850+00:00","source":{"id":"0","name":"eventBus"}}
{"__type":"$$EventMessageNode","id":"fb227c2c-c2a2-45aa-a40a-a6fe09754cbd","ts":"2026-03-05T23:38:41.851+00:00","eventName":"n8n.node.started","message":"n8n.node.started","payload":{"workflowId":"vt9snwxByiI7Ln14","workflowName":"Smart Home Workflow Creator","executionId":"1373","nodeType":"n8n-nodes-base.code","nodeName":"parse","nodeId":"8668d9cb-f45e-4bf8-878b-605a4fa63503"}}
{"__type":"$$EventMessageConfirm","confirm":"fb227c2c-c2a2-45aa-a40a-a6fe09754cbd","ts":"2026-03-05T23:38:41.851+00:00","source":{"id":"0","name":"eventBus"}}
{"__type":"$$EventMessageNode","id":"8b427007-e32c-4eb7-a6d6-60207bdf2dc0","ts":"2026-03-05T23:38:41.857+00:00","eventName":"n8n.node.finished","message":"n8n.node.finished","payload":{"workflowId":"vt9snwxByiI7Ln14","workflowName":"Smart Home Workflow Creator","executionId":"1373","nodeType":"n8n-nodes-base.code","nodeName":"parse","nodeId":"8668d9cb-f45e-4bf8-878b-605a4fa63503"}}
{"__type":"$$EventMessageConfirm","confirm":"8b427007-e32c-4eb7-a6d6-60207bdf2dc0","ts":"2026-03-05T23:38:41.857+00:00","source":{"id":"0","name":"eventBus"}}
{"__type":"$$EventMessageWorkflow","id":"f8bfc7f6-89bb-4447-a681-007e7377ce92","ts":"2026-03-05T23:38:41.859+00:00","eventName":"n8n.workflow.success","message":"n8n.workflow.success","payload":{"userId":"7e0c9b4f-19bc-4d33-bab4-29a3af700c1c","executionId":"1373","success":true,"isManual":true,"workflowId":"vt9snwxByiI7Ln14","workflowName":"Smart Home Workflow Creator"}}
{"__type":"$$EventMessageConfirm","confirm":"f8bfc7f6-89bb-4447-a681-007e7377ce92","ts":"2026-03-05T23:38:41.859+00:00","source":{"id":"0","name":"eventBus"}}
{"__type":"$$EventMessageAudit","id":"c0bcf56f-be47-40d0-9316-8f94309693f7","ts":"2026-03-05T23:40:08.065+00:00","eventName":"n8n.audit.workflow.updated","message":"n8n.audit.workflow.updated","payload":{"userId":"7e0c9b4f-19bc-4d33-bab4-29a3af700c1c","_email":"admin@admin.com","_firstName":"admin","_lastName":"admin","globalRole":"global:owner","workflowId":"vt9snwxByiI7Ln14","workflowName":"Smart Home Workflow Creator"}}
{"__type":"$$EventMessageConfirm","confirm":"c0bcf56f-be47-40d0-9316-8f94309693f7","ts":"2026-03-05T23:40:08.065+00:00","source":{"id":"0","name":"eventBus"}}
{"__type":"$$EventMessageAudit","id":"1edc47ac-dcd8-49f7-8d5d-4a3af05b37a6","ts":"2026-03-05T23:40:29.303+00:00","eventName":"n8n.audit.workflow.updated","message":"n8n.audit.workflow.updated","payload":{"userId":"7e0c9b4f-19bc-4d33-bab4-29a3af700c1c","_email":"admin@admin.com","_firstName":"admin","_lastName":"admin","globalRole":"global:owner","workflowId":"vt9snwxByiI7Ln14","workflowName":"Smart Home Workflow Creator"}}
{"__type":"$$EventMessageConfirm","confirm":"1edc47ac-dcd8-49f7-8d5d-4a3af05b37a6","ts":"2026-03-05T23:40:29.303+00:00","source":{"id":"0","name":"eventBus"}}
{"__type":"$$EventMessageAudit","id":"3bcec6e5-cac9-47b9-b039-587a058b354b","ts":"2026-03-05T23:41:25.899+00:00","eventName":"n8n.audit.workflow.updated","message":"n8n.audit.workflow.updated","payload":{"userId":"7e0c9b4f-19bc-4d33-bab4-29a3af700c1c","_email":"admin@admin.com","_firstName":"admin","_lastName":"admin","globalRole":"global:owner","workflowId":"vt9snwxByiI7Ln14","workflowName":"Smart Home Workflow Creator"}}
{"__type":"$$EventMessageConfirm","confirm":"3bcec6e5-cac9-47b9-b039-587a058b354b","ts":"2026-03-05T23:41:25.899+00:00","source":{"id":"0","name":"eventBus"}}
{"__type":"$$EventMessageAudit","id":"34d98d45-3550-4a27-a109-6c2002f82521","ts":"2026-03-05T23:41:40.831+00:00","eventName":"n8n.audit.workflow.updated","message":"n8n.audit.workflow.updated","payload":{"userId":"7e0c9b4f-19bc-4d33-bab4-29a3af700c1c","_email":"admin@admin.com","_firstName":"admin","_lastName":"admin","globalRole":"global:owner","workflowId":"vt9snwxByiI7Ln14","workflowName":"Smart Home Workflow Creator"}}
{"__type":"$$EventMessageConfirm","confirm":"34d98d45-3550-4a27-a109-6c2002f82521","ts":"2026-03-05T23:41:40.831+00:00","source":{"id":"0","name":"eventBus"}}
{"__type":"$$EventMessageAudit","id":"6de92395-5043-4e7c-8f02-c7ec89a49a5d","ts":"2026-03-05T23:41:54.625+00:00","eventName":"n8n.audit.workflow.updated","message":"n8n.audit.workflow.updated","payload":{"userId":"7e0c9b4f-19bc-4d33-bab4-29a3af700c1c","_email":"admin@admin.com","_firstName":"admin","_lastName":"admin","globalRole":"global:owner","workflowId":"vt9snwxByiI7Ln14","workflowName":"Smart Home Workflow Creator"}}
{"__type":"$$EventMessageConfirm","confirm":"6de92395-5043-4e7c-8f02-c7ec89a49a5d","ts":"2026-03-05T23:41:54.625+00:00","source":{"id":"0","name":"eventBus"}}
{"__type":"$$EventMessageAudit","id":"6f9f58e1-5855-4006-9398-ace8aad7f81d","ts":"2026-03-05T23:42:31.799+00:00","eventName":"n8n.audit.workflow.updated","message":"n8n.audit.workflow.updated","payload":{"userId":"7e0c9b4f-19bc-4d33-bab4-29a3af700c1c","_email":"admin@admin.com","_firstName":"admin","_lastName":"admin","globalRole":"global:owner","workflowId":"vt9snwxByiI7Ln14","workflowName":"Smart Home Workflow Creator"}}
{"__type":"$$EventMessageConfirm","confirm":"6f9f58e1-5855-4006-9398-ace8aad7f81d","ts":"2026-03-05T23:42:31.800+00:00","source":{"id":"0","name":"eventBus"}}
{"__type":"$$EventMessageWorkflow","id":"0d285146-b34c-497a-8353-a410b330630b","ts":"2026-03-05T23:43:04.893+00:00","eventName":"n8n.workflow.started","message":"n8n.workflow.started","payload":{"executionId":"1374","workflowId":"vt9snwxByiI7Ln14","isManual":false,"workflowName":"Smart Home Workflow Creator"}}
{"__type":"$$EventMessageConfirm","confirm":"0d285146-b34c-497a-8353-a410b330630b","ts":"2026-03-05T23:43:04.893+00:00","source":{"id":"0","name":"eventBus"}}
{"__type":"$$EventMessageNode","id":"50c102cc-16b9-4fb7-9cd0-5faf36c70cd6","ts":"2026-03-05T23:43:04.896+00:00","eventName":"n8n.node.started","message":"n8n.node.started","payload":{"workflowId":"vt9snwxByiI7Ln14","workflowName":"Smart Home Workflow Creator","executionId":"1374","nodeType":"n8n-nodes-base.switch","nodeName":"Switch1","nodeId":"38b08221-9908-4dce-918d-85d2f37c0b19"}}
{"__type":"$$EventMessageConfirm","confirm":"50c102cc-16b9-4fb7-9cd0-5faf36c70cd6","ts":"2026-03-05T23:43:04.896+00:00","source":{"id":"0","name":"eventBus"}}
{"__type":"$$EventMessageNode","id":"6ce827bb-694d-463a-9678-0064d53a2d92","ts":"2026-03-05T23:43:04.906+00:00","eventName":"n8n.node.finished","message":"n8n.node.finished","payload":{"workflowId":"vt9snwxByiI7Ln14","workflowName":"Smart Home Workflow Creator","executionId":"1374","nodeType":"n8n-nodes-base.switch","nodeName":"Switch1","nodeId":"38b08221-9908-4dce-918d-85d2f37c0b19"}}
{"__type":"$$EventMessageConfirm","confirm":"6ce827bb-694d-463a-9678-0064d53a2d92","ts":"2026-03-05T23:43:04.906+00:00","source":{"id":"0","name":"eventBus"}}
{"__type":"$$EventMessageNode","id":"5fd2f3df-64d6-479f-9c13-8e136ffb9c22","ts":"2026-03-05T23:43:04.907+00:00","eventName":"n8n.node.started","message":"n8n.node.started","payload":{"workflowId":"vt9snwxByiI7Ln14","workflowName":"Smart Home Workflow Creator","executionId":"1374","nodeType":"n8n-nodes-base.n8n","nodeName":"Create a workflow","nodeId":"85ef4f2b-f264-4cc5-923b-ea71631171c1"}}
{"__type":"$$EventMessageConfirm","confirm":"5fd2f3df-64d6-479f-9c13-8e136ffb9c22","ts":"2026-03-05T23:43:04.907+00:00","source":{"id":"0","name":"eventBus"}}
{"__type":"$$EventMessageAudit","id":"d791c1cf-87be-48be-b15d-7cc0963e52ea","ts":"2026-03-05T23:43:05.064+00:00","eventName":"n8n.audit.workflow.created","message":"n8n.audit.workflow.created","payload":{"userId":"7e0c9b4f-19bc-4d33-bab4-29a3af700c1c","_email":"admin@admin.com","_firstName":"admin","_lastName":"admin","globalRole":"global:owner","workflowId":"tZprT3K1IRWRDtL6","workflowName":"test"}}
{"__type":"$$EventMessageConfirm","confirm":"d791c1cf-87be-48be-b15d-7cc0963e52ea","ts":"2026-03-05T23:43:05.065+00:00","source":{"id":"0","name":"eventBus"}}
{"__type":"$$EventMessageNode","id":"265d7c8d-cd0f-41ad-bf06-6d3804515d1f","ts":"2026-03-05T23:43:05.067+00:00","eventName":"n8n.node.finished","message":"n8n.node.finished","payload":{"workflowId":"vt9snwxByiI7Ln14","workflowName":"Smart Home Workflow Creator","executionId":"1374","nodeType":"n8n-nodes-base.n8n","nodeName":"Create a workflow","nodeId":"85ef4f2b-f264-4cc5-923b-ea71631171c1"}}
{"__type":"$$EventMessageConfirm","confirm":"265d7c8d-cd0f-41ad-bf06-6d3804515d1f","ts":"2026-03-05T23:43:05.067+00:00","source":{"id":"0","name":"eventBus"}}
{"__type":"$$EventMessageNode","id":"8cb5f107-61e2-4823-8aca-5ae7548cbbc0","ts":"2026-03-05T23:43:05.068+00:00","eventName":"n8n.node.started","message":"n8n.node.started","payload":{"workflowId":"vt9snwxByiI7Ln14","workflowName":"Smart Home Workflow Creator","executionId":"1374","nodeType":"n8n-nodes-base.httpRequest","nodeName":"Get Tags","nodeId":"a5993c8a-df62-4ca8-b24d-0acce7d9dde8"}}
{"__type":"$$EventMessageConfirm","confirm":"8cb5f107-61e2-4823-8aca-5ae7548cbbc0","ts":"2026-03-05T23:43:05.068+00:00","source":{"id":"0","name":"eventBus"}}
{"__type":"$$EventMessageNode","id":"e0216a2e-20b9-4479-9527-d6b25a894bd6","ts":"2026-03-05T23:43:05.124+00:00","eventName":"n8n.node.finished","message":"n8n.node.finished","payload":{"workflowId":"vt9snwxByiI7Ln14","workflowName":"Smart Home Workflow Creator","executionId":"1374","nodeType":"n8n-nodes-base.httpRequest","nodeName":"Get Tags","nodeId":"a5993c8a-df62-4ca8-b24d-0acce7d9dde8"}}
{"__type":"$$EventMessageConfirm","confirm":"e0216a2e-20b9-4479-9527-d6b25a894bd6","ts":"2026-03-05T23:43:05.124+00:00","source":{"id":"0","name":"eventBus"}}
{"__type":"$$EventMessageNode","id":"8c81e1da-733b-4aca-9d9a-c4db293f87af","ts":"2026-03-05T23:43:05.124+00:00","eventName":"n8n.node.started","message":"n8n.node.started","payload":{"workflowId":"vt9snwxByiI7Ln14","workflowName":"Smart Home Workflow Creator","executionId":"1374","nodeType":"n8n-nodes-base.httpRequest","nodeName":"HTTP Request","nodeId":"c074ec11-845c-4800-891e-dcd4ef09e06c"}}
{"__type":"$$EventMessageConfirm","confirm":"8c81e1da-733b-4aca-9d9a-c4db293f87af","ts":"2026-03-05T23:43:05.124+00:00","source":{"id":"0","name":"eventBus"}}
{"__type":"$$EventMessageNode","id":"1a6e2300-901a-4c91-a72d-046db5e1cb59","ts":"2026-03-05T23:43:05.193+00:00","eventName":"n8n.node.finished","message":"n8n.node.finished","payload":{"workflowId":"vt9snwxByiI7Ln14","workflowName":"Smart Home Workflow Creator","executionId":"1374","nodeType":"n8n-nodes-base.httpRequest","nodeName":"HTTP Request","nodeId":"c074ec11-845c-4800-891e-dcd4ef09e06c"}}
{"__type":"$$EventMessageConfirm","confirm":"1a6e2300-901a-4c91-a72d-046db5e1cb59","ts":"2026-03-05T23:43:05.193+00:00","source":{"id":"0","name":"eventBus"}}
{"__type":"$$EventMessageNode","id":"aea1dd19-5ec7-4f67-adc5-2bc5592db1af","ts":"2026-03-05T23:43:05.193+00:00","eventName":"n8n.node.started","message":"n8n.node.started","payload":{"workflowId":"vt9snwxByiI7Ln14","workflowName":"Smart Home Workflow Creator","executionId":"1374","nodeType":"n8n-nodes-base.n8n","nodeName":"Activate a workflow","nodeId":"25b22cb4-86b7-44d3-910c-9fb6cbefb63a"}}
{"__type":"$$EventMessageConfirm","confirm":"aea1dd19-5ec7-4f67-adc5-2bc5592db1af","ts":"2026-03-05T23:43:05.193+00:00","source":{"id":"0","name":"eventBus"}}
{"__type":"$$EventMessageNode","id":"5cf16264-72a6-4c79-88b6-ef57618c3a29","ts":"2026-03-05T23:43:05.204+00:00","eventName":"n8n.node.finished","message":"n8n.node.finished","payload":{"workflowId":"vt9snwxByiI7Ln14","workflowName":"Smart Home Workflow Creator","executionId":"1374","nodeType":"n8n-nodes-base.n8n","nodeName":"Activate a workflow","nodeId":"25b22cb4-86b7-44d3-910c-9fb6cbefb63a"}}
{"__type":"$$EventMessageConfirm","confirm":"5cf16264-72a6-4c79-88b6-ef57618c3a29","ts":"2026-03-05T23:43:05.204+00:00","source":{"id":"0","name":"eventBus"}}
{"__type":"$$EventMessageWorkflow","id":"96dfca82-746d-4287-bcd1-173c2435e949","ts":"2026-03-05T23:43:05.204+00:00","eventName":"n8n.workflow.failed","message":"n8n.workflow.failed","payload":{"userId":"7e0c9b4f-19bc-4d33-bab4-29a3af700c1c","executionId":"1374","success":false,"isManual":true,"workflowId":"vt9snwxByiI7Ln14","workflowName":"Smart Home Workflow Creator","lastNodeExecuted":"Activate a workflow","errorNodeType":"n8n-nodes-base.n8n","errorMessage":"The resource you are requesting could not be found"}}
{"__type":"$$EventMessageConfirm","confirm":"96dfca82-746d-4287-bcd1-173c2435e949","ts":"2026-03-05T23:43:05.205+00:00","source":{"id":"0","name":"eventBus"}}
{"__type":"$$EventMessageAudit","id":"ef1cb908-295e-4960-a20e-28abf60cb2f2","ts":"2026-03-05T23:43:17.948+00:00","eventName":"n8n.audit.workflow.updated","message":"n8n.audit.workflow.updated","payload":{"userId":"7e0c9b4f-19bc-4d33-bab4-29a3af700c1c","_email":"admin@admin.com","_firstName":"admin","_lastName":"admin","globalRole":"global:owner","workflowId":"vt9snwxByiI7Ln14","workflowName":"Smart Home Workflow Creator"}}
{"__type":"$$EventMessageConfirm","confirm":"ef1cb908-295e-4960-a20e-28abf60cb2f2","ts":"2026-03-05T23:43:17.948+00:00","source":{"id":"0","name":"eventBus"}}
{"__type":"$$EventMessageAudit","id":"e2aa3404-f425-4863-8ca7-70c10353c000","ts":"2026-03-05T23:43:22.817+00:00","eventName":"n8n.audit.workflow.updated","message":"n8n.audit.workflow.updated","payload":{"userId":"7e0c9b4f-19bc-4d33-bab4-29a3af700c1c","_email":"admin@admin.com","_firstName":"admin","_lastName":"admin","globalRole":"global:owner","workflowId":"vt9snwxByiI7Ln14","workflowName":"Smart Home Workflow Creator"}}
{"__type":"$$EventMessageConfirm","confirm":"e2aa3404-f425-4863-8ca7-70c10353c000","ts":"2026-03-05T23:43:22.817+00:00","source":{"id":"0","name":"eventBus"}}
{"__type":"$$EventMessageAudit","id":"385ec80c-e717-44ef-98a9-da60f9e9207e","ts":"2026-03-05T23:45:18.969+00:00","eventName":"n8n.audit.workflow.updated","message":"n8n.audit.workflow.updated","payload":{"userId":"7e0c9b4f-19bc-4d33-bab4-29a3af700c1c","_email":"admin@admin.com","_firstName":"admin","_lastName":"admin","globalRole":"global:owner","workflowId":"vt9snwxByiI7Ln14","workflowName":"Smart Home Workflow Creator"}}
{"__type":"$$EventMessageConfirm","confirm":"385ec80c-e717-44ef-98a9-da60f9e9207e","ts":"2026-03-05T23:45:18.969+00:00","source":{"id":"0","name":"eventBus"}}
{"__type":"$$EventMessageAudit","id":"0e09d56c-5c70-4e63-ad3e-345d9df2f2e3","ts":"2026-03-05T23:46:50.885+00:00","eventName":"n8n.audit.workflow.updated","message":"n8n.audit.workflow.updated","payload":{"userId":"7e0c9b4f-19bc-4d33-bab4-29a3af700c1c","_email":"admin@admin.com","_firstName":"admin","_lastName":"admin","globalRole":"global:owner","workflowId":"vt9snwxByiI7Ln14","workflowName":"Smart Home Workflow Creator"}}
{"__type":"$$EventMessageConfirm","confirm":"0e09d56c-5c70-4e63-ad3e-345d9df2f2e3","ts":"2026-03-05T23:46:50.885+00:00","source":{"id":"0","name":"eventBus"}}
{"__type":"$$EventMessageWorkflow","id":"ec8e86fe-f596-4e45-9d7c-bbcb6206bafc","ts":"2026-03-05T23:46:57.089+00:00","eventName":"n8n.workflow.started","message":"n8n.workflow.started","payload":{"executionId":"1375","workflowId":"vt9snwxByiI7Ln14","isManual":false,"workflowName":"Smart Home Workflow Creator"}}
{"__type":"$$EventMessageConfirm","confirm":"ec8e86fe-f596-4e45-9d7c-bbcb6206bafc","ts":"2026-03-05T23:46:57.089+00:00","source":{"id":"0","name":"eventBus"}}
{"__type":"$$EventMessageNode","id":"866e4cf5-4e8d-44d8-a0a9-fdf53329d38b","ts":"2026-03-05T23:46:57.090+00:00","eventName":"n8n.node.started","message":"n8n.node.started","payload":{"workflowId":"vt9snwxByiI7Ln14","workflowName":"Smart Home Workflow Creator","executionId":"1375","nodeType":"n8n-nodes-base.webhook","nodeName":"Create","nodeId":"bebbb60d-00c4-4094-ab07-50a620c2917f"}}
{"__type":"$$EventMessageConfirm","confirm":"866e4cf5-4e8d-44d8-a0a9-fdf53329d38b","ts":"2026-03-05T23:46:57.090+00:00","source":{"id":"0","name":"eventBus"}}
{"__type":"$$EventMessageNode","id":"5251b529-2cdd-4b3c-be50-84d47d1c430f","ts":"2026-03-05T23:46:57.090+00:00","eventName":"n8n.node.finished","message":"n8n.node.finished","payload":{"workflowId":"vt9snwxByiI7Ln14","workflowName":"Smart Home Workflow Creator","executionId":"1375","nodeType":"n8n-nodes-base.webhook","nodeName":"Create","nodeId":"bebbb60d-00c4-4094-ab07-50a620c2917f"}}
{"__type":"$$EventMessageConfirm","confirm":"5251b529-2cdd-4b3c-be50-84d47d1c430f","ts":"2026-03-05T23:46:57.090+00:00","source":{"id":"0","name":"eventBus"}}
{"__type":"$$EventMessageNode","id":"c6392a89-6cd5-4759-9798-b4540bf77184","ts":"2026-03-05T23:46:57.090+00:00","eventName":"n8n.node.started","message":"n8n.node.started","payload":{"workflowId":"vt9snwxByiI7Ln14","workflowName":"Smart Home Workflow Creator","executionId":"1375","nodeType":"n8n-nodes-base.set","nodeName":"triggers & actions","nodeId":"0a8f3950-700d-43e1-84a2-758153a009d9"}}
{"__type":"$$EventMessageConfirm","confirm":"c6392a89-6cd5-4759-9798-b4540bf77184","ts":"2026-03-05T23:46:57.090+00:00","source":{"id":"0","name":"eventBus"}}
{"__type":"$$EventMessageNode","id":"fa897e4e-a2c6-4e69-91fe-5332ae7e442b","ts":"2026-03-05T23:46:57.092+00:00","eventName":"n8n.node.finished","message":"n8n.node.finished","payload":{"workflowId":"vt9snwxByiI7Ln14","workflowName":"Smart Home Workflow Creator","executionId":"1375","nodeType":"n8n-nodes-base.set","nodeName":"triggers & actions","nodeId":"0a8f3950-700d-43e1-84a2-758153a009d9"}}
{"__type":"$$EventMessageConfirm","confirm":"fa897e4e-a2c6-4e69-91fe-5332ae7e442b","ts":"2026-03-05T23:46:57.092+00:00","source":{"id":"0","name":"eventBus"}}
{"__type":"$$EventMessageNode","id":"1c5d349f-9c38-4ab9-ace8-0e78589c2893","ts":"2026-03-05T23:46:57.092+00:00","eventName":"n8n.node.started","message":"n8n.node.started","payload":{"workflowId":"vt9snwxByiI7Ln14","workflowName":"Smart Home Workflow Creator","executionId":"1375","nodeType":"n8n-nodes-base.code","nodeName":"actions","nodeId":"226503d0-aa9f-4a19-aac8-c4391c2a87aa"}}
{"__type":"$$EventMessageConfirm","confirm":"1c5d349f-9c38-4ab9-ace8-0e78589c2893","ts":"2026-03-05T23:46:57.092+00:00","source":{"id":"0","name":"eventBus"}}
{"__type":"$$EventMessageNode","id":"dea5c937-3439-40bb-a3cf-4e5b04c9732e","ts":"2026-03-05T23:46:57.097+00:00","eventName":"n8n.node.finished","message":"n8n.node.finished","payload":{"workflowId":"vt9snwxByiI7Ln14","workflowName":"Smart Home Workflow Creator","executionId":"1375","nodeType":"n8n-nodes-base.code","nodeName":"actions","nodeId":"226503d0-aa9f-4a19-aac8-c4391c2a87aa"}}
{"__type":"$$EventMessageConfirm","confirm":"dea5c937-3439-40bb-a3cf-4e5b04c9732e","ts":"2026-03-05T23:46:57.097+00:00","source":{"id":"0","name":"eventBus"}}
{"__type":"$$EventMessageNode","id":"ab15c9cb-04cb-4233-a195-89d56dbdd694","ts":"2026-03-05T23:46:57.099+00:00","eventName":"n8n.node.started","message":"n8n.node.started","payload":{"workflowId":"vt9snwxByiI7Ln14","workflowName":"Smart Home Workflow Creator","executionId":"1375","nodeType":"n8n-nodes-base.switch","nodeName":"Switch","nodeId":"f679a7e1-803b-4f08-994b-947bf08a3726"}}
{"__type":"$$EventMessageConfirm","confirm":"ab15c9cb-04cb-4233-a195-89d56dbdd694","ts":"2026-03-05T23:46:57.099+00:00","source":{"id":"0","name":"eventBus"}}
{"__type":"$$EventMessageNode","id":"94488c73-0095-418a-898c-04138a1fc4ae","ts":"2026-03-05T23:46:57.100+00:00","eventName":"n8n.node.finished","message":"n8n.node.finished","payload":{"workflowId":"vt9snwxByiI7Ln14","workflowName":"Smart Home Workflow Creator","executionId":"1375","nodeType":"n8n-nodes-base.switch","nodeName":"Switch","nodeId":"f679a7e1-803b-4f08-994b-947bf08a3726"}}
{"__type":"$$EventMessageConfirm","confirm":"94488c73-0095-418a-898c-04138a1fc4ae","ts":"2026-03-05T23:46:57.100+00:00","source":{"id":"0","name":"eventBus"}}
{"__type":"$$EventMessageNode","id":"4ace655e-9a1e-4582-abfd-ef6eb85d7e3e","ts":"2026-03-05T23:46:57.101+00:00","eventName":"n8n.node.started","message":"n8n.node.started","payload":{"workflowId":"vt9snwxByiI7Ln14","workflowName":"Smart Home Workflow Creator","executionId":"1375","nodeType":"n8n-nodes-base.code","nodeName":"sensor","nodeId":"fb50a824-34ad-4043-9a5f-1d1392031634"}}
{"__type":"$$EventMessageConfirm","confirm":"4ace655e-9a1e-4582-abfd-ef6eb85d7e3e","ts":"2026-03-05T23:46:57.101+00:00","source":{"id":"0","name":"eventBus"}}
{"__type":"$$EventMessageNode","id":"048153cd-0533-4194-9c52-e3a9c3da7bcf","ts":"2026-03-05T23:46:57.105+00:00","eventName":"n8n.node.finished","message":"n8n.node.finished","payload":{"workflowId":"vt9snwxByiI7Ln14","workflowName":"Smart Home Workflow Creator","executionId":"1375","nodeType":"n8n-nodes-base.code","nodeName":"sensor","nodeId":"fb50a824-34ad-4043-9a5f-1d1392031634"}}
{"__type":"$$EventMessageConfirm","confirm":"048153cd-0533-4194-9c52-e3a9c3da7bcf","ts":"2026-03-05T23:46:57.106+00:00","source":{"id":"0","name":"eventBus"}}
{"__type":"$$EventMessageNode","id":"495666e3-6abd-4384-ae34-f05ecdd0765f","ts":"2026-03-05T23:46:57.106+00:00","eventName":"n8n.node.started","message":"n8n.node.started","payload":{"workflowId":"vt9snwxByiI7Ln14","workflowName":"Smart Home Workflow Creator","executionId":"1375","nodeType":"n8n-nodes-base.set","nodeName":"Set Workflow","nodeId":"9314e748-6272-4961-bd26-cee7c3761a19"}}
{"__type":"$$EventMessageConfirm","confirm":"495666e3-6abd-4384-ae34-f05ecdd0765f","ts":"2026-03-05T23:46:57.106+00:00","source":{"id":"0","name":"eventBus"}}
{"__type":"$$EventMessageNode","id":"fba5bbc7-d9b7-4fe5-b249-d26b9f9c8c08","ts":"2026-03-05T23:46:57.109+00:00","eventName":"n8n.node.finished","message":"n8n.node.finished","payload":{"workflowId":"vt9snwxByiI7Ln14","workflowName":"Smart Home Workflow Creator","executionId":"1375","nodeType":"n8n-nodes-base.set","nodeName":"Set Workflow","nodeId":"9314e748-6272-4961-bd26-cee7c3761a19"}}
{"__type":"$$EventMessageConfirm","confirm":"fba5bbc7-d9b7-4fe5-b249-d26b9f9c8c08","ts":"2026-03-05T23:46:57.109+00:00","source":{"id":"0","name":"eventBus"}}
{"__type":"$$EventMessageNode","id":"5957bb98-f31a-4859-b853-cb6ac12c12b6","ts":"2026-03-05T23:46:57.110+00:00","eventName":"n8n.node.started","message":"n8n.node.started","payload":{"workflowId":"vt9snwxByiI7Ln14","workflowName":"Smart Home Workflow Creator","executionId":"1375","nodeType":"n8n-nodes-base.code","nodeName":"parse","nodeId":"8668d9cb-f45e-4bf8-878b-605a4fa63503"}}
{"__type":"$$EventMessageConfirm","confirm":"5957bb98-f31a-4859-b853-cb6ac12c12b6","ts":"2026-03-05T23:46:57.110+00:00","source":{"id":"0","name":"eventBus"}}
{"__type":"$$EventMessageNode","id":"0501aa7c-9ca5-4422-95be-5a4bc9632f38","ts":"2026-03-05T23:46:57.114+00:00","eventName":"n8n.node.finished","message":"n8n.node.finished","payload":{"workflowId":"vt9snwxByiI7Ln14","workflowName":"Smart Home Workflow Creator","executionId":"1375","nodeType":"n8n-nodes-base.code","nodeName":"parse","nodeId":"8668d9cb-f45e-4bf8-878b-605a4fa63503"}}
{"__type":"$$EventMessageConfirm","confirm":"0501aa7c-9ca5-4422-95be-5a4bc9632f38","ts":"2026-03-05T23:46:57.115+00:00","source":{"id":"0","name":"eventBus"}}
{"__type":"$$EventMessageNode","id":"e3b1e7c0-3f3d-4c00-a93d-21293e34d44e","ts":"2026-03-05T23:46:57.117+00:00","eventName":"n8n.node.started","message":"n8n.node.started","payload":{"workflowId":"vt9snwxByiI7Ln14","workflowName":"Smart Home Workflow Creator","executionId":"1375","nodeType":"n8n-nodes-base.switch","nodeName":"Switch1","nodeId":"38b08221-9908-4dce-918d-85d2f37c0b19"}}
{"__type":"$$EventMessageConfirm","confirm":"e3b1e7c0-3f3d-4c00-a93d-21293e34d44e","ts":"2026-03-05T23:46:57.117+00:00","source":{"id":"0","name":"eventBus"}}
{"__type":"$$EventMessageNode","id":"6ee2c55c-1242-42db-9036-b17666e67920","ts":"2026-03-05T23:46:57.119+00:00","eventName":"n8n.node.finished","message":"n8n.node.finished","payload":{"workflowId":"vt9snwxByiI7Ln14","workflowName":"Smart Home Workflow Creator","executionId":"1375","nodeType":"n8n-nodes-base.switch","nodeName":"Switch1","nodeId":"38b08221-9908-4dce-918d-85d2f37c0b19"}}
{"__type":"$$EventMessageConfirm","confirm":"6ee2c55c-1242-42db-9036-b17666e67920","ts":"2026-03-05T23:46:57.119+00:00","source":{"id":"0","name":"eventBus"}}
{"__type":"$$EventMessageNode","id":"daca8639-899c-403e-bfbd-4ea3276f7dc8","ts":"2026-03-05T23:46:57.120+00:00","eventName":"n8n.node.started","message":"n8n.node.started","payload":{"workflowId":"vt9snwxByiI7Ln14","workflowName":"Smart Home Workflow Creator","executionId":"1375","nodeType":"n8n-nodes-base.n8n","nodeName":"Create a workflow","nodeId":"85ef4f2b-f264-4cc5-923b-ea71631171c1"}}
{"__type":"$$EventMessageConfirm","confirm":"daca8639-899c-403e-bfbd-4ea3276f7dc8","ts":"2026-03-05T23:46:57.120+00:00","source":{"id":"0","name":"eventBus"}}
{"__type":"$$EventMessageAudit","id":"18b09990-2339-4258-a80c-6d05ead9b39b","ts":"2026-03-05T23:46:57.160+00:00","eventName":"n8n.audit.workflow.created","message":"n8n.audit.workflow.created","payload":{"userId":"7e0c9b4f-19bc-4d33-bab4-29a3af700c1c","_email":"admin@admin.com","_firstName":"admin","_lastName":"admin","globalRole":"global:owner","workflowId":"00LAo1fHXPB32Ssk","workflowName":"test"}}
{"__type":"$$EventMessageConfirm","confirm":"18b09990-2339-4258-a80c-6d05ead9b39b","ts":"2026-03-05T23:46:57.160+00:00","source":{"id":"0","name":"eventBus"}}
{"__type":"$$EventMessageNode","id":"d22eebd1-27c5-4bf8-98b6-6fdcd3cc9db6","ts":"2026-03-05T23:46:57.162+00:00","eventName":"n8n.node.finished","message":"n8n.node.finished","payload":{"workflowId":"vt9snwxByiI7Ln14","workflowName":"Smart Home Workflow Creator","executionId":"1375","nodeType":"n8n-nodes-base.n8n","nodeName":"Create a workflow","nodeId":"85ef4f2b-f264-4cc5-923b-ea71631171c1"}}
{"__type":"$$EventMessageConfirm","confirm":"d22eebd1-27c5-4bf8-98b6-6fdcd3cc9db6","ts":"2026-03-05T23:46:57.162+00:00","source":{"id":"0","name":"eventBus"}}
{"__type":"$$EventMessageNode","id":"93d3f357-a339-48f2-9f76-3f3c0fb0809c","ts":"2026-03-05T23:46:57.162+00:00","eventName":"n8n.node.started","message":"n8n.node.started","payload":{"workflowId":"vt9snwxByiI7Ln14","workflowName":"Smart Home Workflow Creator","executionId":"1375","nodeType":"n8n-nodes-base.httpRequest","nodeName":"Get Tags","nodeId":"a5993c8a-df62-4ca8-b24d-0acce7d9dde8"}}
{"__type":"$$EventMessageConfirm","confirm":"93d3f357-a339-48f2-9f76-3f3c0fb0809c","ts":"2026-03-05T23:46:57.163+00:00","source":{"id":"0","name":"eventBus"}}
{"__type":"$$EventMessageNode","id":"893c9ea0-62c7-44dd-9bc1-303700adc5ed","ts":"2026-03-05T23:46:57.176+00:00","eventName":"n8n.node.finished","message":"n8n.node.finished","payload":{"workflowId":"vt9snwxByiI7Ln14","workflowName":"Smart Home Workflow Creator","executionId":"1375","nodeType":"n8n-nodes-base.httpRequest","nodeName":"Get Tags","nodeId":"a5993c8a-df62-4ca8-b24d-0acce7d9dde8"}}
{"__type":"$$EventMessageConfirm","confirm":"893c9ea0-62c7-44dd-9bc1-303700adc5ed","ts":"2026-03-05T23:46:57.176+00:00","source":{"id":"0","name":"eventBus"}}
{"__type":"$$EventMessageNode","id":"c6826691-8637-4131-b4c9-cc657aab8af0","ts":"2026-03-05T23:46:57.176+00:00","eventName":"n8n.node.started","message":"n8n.node.started","payload":{"workflowId":"vt9snwxByiI7Ln14","workflowName":"Smart Home Workflow Creator","executionId":"1375","nodeType":"n8n-nodes-base.httpRequest","nodeName":"HTTP Request","nodeId":"c074ec11-845c-4800-891e-dcd4ef09e06c"}}
{"__type":"$$EventMessageConfirm","confirm":"c6826691-8637-4131-b4c9-cc657aab8af0","ts":"2026-03-05T23:46:57.176+00:00","source":{"id":"0","name":"eventBus"}}
{"__type":"$$EventMessageNode","id":"8a399a22-d9a5-4175-a4e7-eb125b1577fc","ts":"2026-03-05T23:46:57.223+00:00","eventName":"n8n.node.finished","message":"n8n.node.finished","payload":{"workflowId":"vt9snwxByiI7Ln14","workflowName":"Smart Home Workflow Creator","executionId":"1375","nodeType":"n8n-nodes-base.httpRequest","nodeName":"HTTP Request","nodeId":"c074ec11-845c-4800-891e-dcd4ef09e06c"}}
{"__type":"$$EventMessageConfirm","confirm":"8a399a22-d9a5-4175-a4e7-eb125b1577fc","ts":"2026-03-05T23:46:57.223+00:00","source":{"id":"0","name":"eventBus"}}
{"__type":"$$EventMessageWorkflow","id":"26d61151-d281-4ee2-a2e2-dc048f2af63d","ts":"2026-03-05T23:46:57.223+00:00","eventName":"n8n.workflow.success","message":"n8n.workflow.success","payload":{"userId":"7e0c9b4f-19bc-4d33-bab4-29a3af700c1c","executionId":"1375","success":true,"isManual":true,"workflowId":"vt9snwxByiI7Ln14","workflowName":"Smart Home Workflow Creator"}}
{"__type":"$$EventMessageConfirm","confirm":"26d61151-d281-4ee2-a2e2-dc048f2af63d","ts":"2026-03-05T23:46:57.223+00:00","source":{"id":"0","name":"eventBus"}}
{"__type":"$$EventMessageAudit","id":"96fb4b5d-9baa-4129-b5b9-b56440d5f91b","ts":"2026-03-05T23:47:37.709+00:00","eventName":"n8n.audit.workflow.updated","message":"n8n.audit.workflow.updated","payload":{"userId":"7e0c9b4f-19bc-4d33-bab4-29a3af700c1c","_email":"admin@admin.com","_firstName":"admin","_lastName":"admin","globalRole":"global:owner","workflowId":"vt9snwxByiI7Ln14","workflowName":"Smart Home Workflow Creator"}}
{"__type":"$$EventMessageConfirm","confirm":"96fb4b5d-9baa-4129-b5b9-b56440d5f91b","ts":"2026-03-05T23:47:37.709+00:00","source":{"id":"0","name":"eventBus"}}
{"__type":"$$EventMessageAudit","id":"92b292bb-eb1f-49cb-87d5-21838e3b96af","ts":"2026-03-05T23:49:55.423+00:00","eventName":"n8n.audit.workflow.updated","message":"n8n.audit.workflow.updated","payload":{"userId":"7e0c9b4f-19bc-4d33-bab4-29a3af700c1c","_email":"admin@admin.com","_firstName":"admin","_lastName":"admin","globalRole":"global:owner","workflowId":"vt9snwxByiI7Ln14","workflowName":"Smart Home Workflow Creator"}}
{"__type":"$$EventMessageConfirm","confirm":"92b292bb-eb1f-49cb-87d5-21838e3b96af","ts":"2026-03-05T23:49:55.423+00:00","source":{"id":"0","name":"eventBus"}}
{"__type":"$$EventMessageWorkflow","id":"143ce751-cc74-49c4-a341-e4914a7c1a8a","ts":"2026-03-05T23:50:16.381+00:00","eventName":"n8n.workflow.started","message":"n8n.workflow.started","payload":{"executionId":"1376","workflowId":"vt9snwxByiI7Ln14","isManual":false,"workflowName":"Smart Home Workflow Creator"}}
{"__type":"$$EventMessageConfirm","confirm":"143ce751-cc74-49c4-a341-e4914a7c1a8a","ts":"2026-03-05T23:50:16.381+00:00","source":{"id":"0","name":"eventBus"}}
{"__type":"$$EventMessageNode","id":"43151fe9-b4fb-461d-b4bc-2c1ae6c49974","ts":"2026-03-05T23:50:16.381+00:00","eventName":"n8n.node.started","message":"n8n.node.started","payload":{"workflowId":"vt9snwxByiI7Ln14","workflowName":"Smart Home Workflow Creator","executionId":"1376","nodeType":"n8n-nodes-base.webhook","nodeName":"Delete","nodeId":"e27cfec8-43cf-4117-8947-111ce1b8abeb"}}
{"__type":"$$EventMessageConfirm","confirm":"43151fe9-b4fb-461d-b4bc-2c1ae6c49974","ts":"2026-03-05T23:50:16.381+00:00","source":{"id":"0","name":"eventBus"}}
{"__type":"$$EventMessageNode","id":"3a7bb651-ce50-4c14-9bc1-f83021e921a4","ts":"2026-03-05T23:50:16.382+00:00","eventName":"n8n.node.finished","message":"n8n.node.finished","payload":{"workflowId":"vt9snwxByiI7Ln14","workflowName":"Smart Home Workflow Creator","executionId":"1376","nodeType":"n8n-nodes-base.webhook","nodeName":"Delete","nodeId":"e27cfec8-43cf-4117-8947-111ce1b8abeb"}}
{"__type":"$$EventMessageConfirm","confirm":"3a7bb651-ce50-4c14-9bc1-f83021e921a4","ts":"2026-03-05T23:50:16.382+00:00","source":{"id":"0","name":"eventBus"}}
{"__type":"$$EventMessageWorkflow","id":"63684ea3-23d3-4272-a548-d7578e974588","ts":"2026-03-05T23:50:16.382+00:00","eventName":"n8n.workflow.failed","message":"n8n.workflow.failed","payload":{"executionId":"1376","success":false,"isManual":true,"workflowId":"vt9snwxByiI7Ln14","workflowName":"Smart Home Workflow Creator","lastNodeExecuted":"Delete","errorMessage":"No Respond to Webhook node found in the workflow"}}
{"__type":"$$EventMessageConfirm","confirm":"63684ea3-23d3-4272-a548-d7578e974588","ts":"2026-03-05T23:50:16.382+00:00","source":{"id":"0","name":"eventBus"}}
{"__type":"$$EventMessageWorkflow","id":"766f86a8-bbc6-4860-a569-263c8f4c0857","ts":"2026-03-05T23:52:16.486+00:00","eventName":"n8n.workflow.started","message":"n8n.workflow.started","payload":{"executionId":"1377","workflowId":"vt9snwxByiI7Ln14","isManual":false,"workflowName":"Smart Home Workflow Creator"}}
{"__type":"$$EventMessageConfirm","confirm":"766f86a8-bbc6-4860-a569-263c8f4c0857","ts":"2026-03-05T23:52:16.486+00:00","source":{"id":"0","name":"eventBus"}}
{"__type":"$$EventMessageNode","id":"bfbc6e06-eeab-443d-b034-f4d5e7cacdf9","ts":"2026-03-05T23:52:16.487+00:00","eventName":"n8n.node.started","message":"n8n.node.started","payload":{"workflowId":"vt9snwxByiI7Ln14","workflowName":"Smart Home Workflow Creator","executionId":"1377","nodeType":"n8n-nodes-base.webhook","nodeName":"Delete","nodeId":"e27cfec8-43cf-4117-8947-111ce1b8abeb"}}
{"__type":"$$EventMessageConfirm","confirm":"bfbc6e06-eeab-443d-b034-f4d5e7cacdf9","ts":"2026-03-05T23:52:16.487+00:00","source":{"id":"0","name":"eventBus"}}
{"__type":"$$EventMessageNode","id":"0d7d7184-8591-4bfb-8338-3fb28c79fcdd","ts":"2026-03-05T23:52:16.488+00:00","eventName":"n8n.node.finished","message":"n8n.node.finished","payload":{"workflowId":"vt9snwxByiI7Ln14","workflowName":"Smart Home Workflow Creator","executionId":"1377","nodeType":"n8n-nodes-base.webhook","nodeName":"Delete","nodeId":"e27cfec8-43cf-4117-8947-111ce1b8abeb"}}
{"__type":"$$EventMessageConfirm","confirm":"0d7d7184-8591-4bfb-8338-3fb28c79fcdd","ts":"2026-03-05T23:52:16.488+00:00","source":{"id":"0","name":"eventBus"}}
{"__type":"$$EventMessageWorkflow","id":"d914a5f4-2456-44a5-9253-e40ad0c138a8","ts":"2026-03-05T23:52:16.489+00:00","eventName":"n8n.workflow.failed","message":"n8n.workflow.failed","payload":{"executionId":"1377","success":false,"isManual":true,"workflowId":"vt9snwxByiI7Ln14","workflowName":"Smart Home Workflow Creator","lastNodeExecuted":"Delete","errorMessage":"No Respond to Webhook node found in the workflow"}}
{"__type":"$$EventMessageConfirm","confirm":"d914a5f4-2456-44a5-9253-e40ad0c138a8","ts":"2026-03-05T23:52:16.489+00:00","source":{"id":"0","name":"eventBus"}}
{"__type":"$$EventMessageAudit","id":"f75fd664-c08f-4750-ab93-082a68ca441d","ts":"2026-03-05T23:52:28.872+00:00","eventName":"n8n.audit.workflow.updated","message":"n8n.audit.workflow.updated","payload":{"userId":"7e0c9b4f-19bc-4d33-bab4-29a3af700c1c","_email":"admin@admin.com","_firstName":"admin","_lastName":"admin","globalRole":"global:owner","workflowId":"vt9snwxByiI7Ln14","workflowName":"Smart Home Workflow Creator"}}
{"__type":"$$EventMessageConfirm","confirm":"f75fd664-c08f-4750-ab93-082a68ca441d","ts":"2026-03-05T23:52:28.872+00:00","source":{"id":"0","name":"eventBus"}}
{"__type":"$$EventMessageWorkflow","id":"26cb891d-0804-42db-a8c9-46ccfa9a5ab5","ts":"2026-03-05T23:52:42.517+00:00","eventName":"n8n.workflow.started","message":"n8n.workflow.started","payload":{"executionId":"1378","workflowId":"vt9snwxByiI7Ln14","isManual":false,"workflowName":"Smart Home Workflow Creator"}}
{"__type":"$$EventMessageConfirm","confirm":"26cb891d-0804-42db-a8c9-46ccfa9a5ab5","ts":"2026-03-05T23:52:42.518+00:00","source":{"id":"0","name":"eventBus"}}
{"__type":"$$EventMessageNode","id":"7a588e32-abb6-44a0-ae61-e85ef3ad03b5","ts":"2026-03-05T23:52:42.518+00:00","eventName":"n8n.node.started","message":"n8n.node.started","payload":{"workflowId":"vt9snwxByiI7Ln14","workflowName":"Smart Home Workflow Creator","executionId":"1378","nodeType":"n8n-nodes-base.webhook","nodeName":"Delete","nodeId":"e27cfec8-43cf-4117-8947-111ce1b8abeb"}}
{"__type":"$$EventMessageConfirm","confirm":"7a588e32-abb6-44a0-ae61-e85ef3ad03b5","ts":"2026-03-05T23:52:42.519+00:00","source":{"id":"0","name":"eventBus"}}
{"__type":"$$EventMessageNode","id":"3da0ff20-3ce0-4211-9ee5-73b92dad4a4a","ts":"2026-03-05T23:52:42.519+00:00","eventName":"n8n.node.finished","message":"n8n.node.finished","payload":{"workflowId":"vt9snwxByiI7Ln14","workflowName":"Smart Home Workflow Creator","executionId":"1378","nodeType":"n8n-nodes-base.webhook","nodeName":"Delete","nodeId":"e27cfec8-43cf-4117-8947-111ce1b8abeb"}}
{"__type":"$$EventMessageConfirm","confirm":"3da0ff20-3ce0-4211-9ee5-73b92dad4a4a","ts":"2026-03-05T23:52:42.519+00:00","source":{"id":"0","name":"eventBus"}}
{"__type":"$$EventMessageNode","id":"8c807371-5354-46c6-a38a-f38a5aab04b9","ts":"2026-03-05T23:52:42.520+00:00","eventName":"n8n.node.started","message":"n8n.node.started","payload":{"workflowId":"vt9snwxByiI7Ln14","workflowName":"Smart Home Workflow Creator","executionId":"1378","nodeType":"n8n-nodes-base.n8n","nodeName":"Delete a workflow","nodeId":"c3c823e1-1b70-460f-800a-7cc0f2ccddc5"}}
{"__type":"$$EventMessageConfirm","confirm":"8c807371-5354-46c6-a38a-f38a5aab04b9","ts":"2026-03-05T23:52:42.520+00:00","source":{"id":"0","name":"eventBus"}}
{"__type":"$$EventMessageNode","id":"e1b56aa9-0858-4a9c-ae79-5cebf9b39efc","ts":"2026-03-05T23:52:42.541+00:00","eventName":"n8n.node.finished","message":"n8n.node.finished","payload":{"workflowId":"vt9snwxByiI7Ln14","workflowName":"Smart Home Workflow Creator","executionId":"1378","nodeType":"n8n-nodes-base.n8n","nodeName":"Delete a workflow","nodeId":"c3c823e1-1b70-460f-800a-7cc0f2ccddc5"}}
{"__type":"$$EventMessageConfirm","confirm":"e1b56aa9-0858-4a9c-ae79-5cebf9b39efc","ts":"2026-03-05T23:52:42.541+00:00","source":{"id":"0","name":"eventBus"}}
{"__type":"$$EventMessageWorkflow","id":"599d7e09-1d8c-40d3-b5ae-43421fec5257","ts":"2026-03-05T23:52:42.541+00:00","eventName":"n8n.workflow.failed","message":"n8n.workflow.failed","payload":{"executionId":"1378","success":false,"isManual":true,"workflowId":"vt9snwxByiI7Ln14","workflowName":"Smart Home Workflow Creator","lastNodeExecuted":"Delete a workflow","errorNodeType":"n8n-nodes-base.n8n","errorMessage":"Method not allowed - please check you are using the right HTTP method"}}
{"__type":"$$EventMessageConfirm","confirm":"599d7e09-1d8c-40d3-b5ae-43421fec5257","ts":"2026-03-05T23:52:42.541+00:00","source":{"id":"0","name":"eventBus"}}
{"__type":"$$EventMessageAudit","id":"f64d738b-775e-41da-ac75-e35340a3d3c0","ts":"2026-03-05T23:53:18.314+00:00","eventName":"n8n.audit.workflow.updated","message":"n8n.audit.workflow.updated","payload":{"userId":"7e0c9b4f-19bc-4d33-bab4-29a3af700c1c","_email":"admin@admin.com","_firstName":"admin","_lastName":"admin","globalRole":"global:owner","workflowId":"vt9snwxByiI7Ln14","workflowName":"Smart Home Workflow Creator"}}
{"__type":"$$EventMessageConfirm","confirm":"f64d738b-775e-41da-ac75-e35340a3d3c0","ts":"2026-03-05T23:53:18.315+00:00","source":{"id":"0","name":"eventBus"}}
{"__type":"$$EventMessageAudit","id":"a561d5f8-4b73-4daf-b1e5-242e66b69dc8","ts":"2026-03-05T23:53:32.475+00:00","eventName":"n8n.audit.workflow.updated","message":"n8n.audit.workflow.updated","payload":{"userId":"7e0c9b4f-19bc-4d33-bab4-29a3af700c1c","_email":"admin@admin.com","_firstName":"admin","_lastName":"admin","globalRole":"global:owner","workflowId":"vt9snwxByiI7Ln14","workflowName":"Smart Home Workflow Creator"}}
{"__type":"$$EventMessageConfirm","confirm":"a561d5f8-4b73-4daf-b1e5-242e66b69dc8","ts":"2026-03-05T23:53:32.476+00:00","source":{"id":"0","name":"eventBus"}}
{"__type":"$$EventMessageAudit","id":"218e2f46-4d71-4581-8a1b-74429b998f98","ts":"2026-03-05T23:54:56.176+00:00","eventName":"n8n.audit.workflow.updated","message":"n8n.audit.workflow.updated","payload":{"userId":"7e0c9b4f-19bc-4d33-bab4-29a3af700c1c","_email":"admin@admin.com","_firstName":"admin","_lastName":"admin","globalRole":"global:owner","workflowId":"vt9snwxByiI7Ln14","workflowName":"Smart Home Workflow Creator"}}
{"__type":"$$EventMessageConfirm","confirm":"218e2f46-4d71-4581-8a1b-74429b998f98","ts":"2026-03-05T23:54:56.176+00:00","source":{"id":"0","name":"eventBus"}}
{"__type":"$$EventMessageAudit","id":"d536874e-7b73-41a2-8624-29111a03e33e","ts":"2026-03-05T23:58:26.210+00:00","eventName":"n8n.audit.workflow.updated","message":"n8n.audit.workflow.updated","payload":{"userId":"7e0c9b4f-19bc-4d33-bab4-29a3af700c1c","_email":"admin@admin.com","_firstName":"admin","_lastName":"admin","globalRole":"global:owner","workflowId":"vt9snwxByiI7Ln14","workflowName":"Smart Home Workflow Creator"}}
{"__type":"$$EventMessageConfirm","confirm":"d536874e-7b73-41a2-8624-29111a03e33e","ts":"2026-03-05T23:58:26.210+00:00","source":{"id":"0","name":"eventBus"}}
