{"__type":"$$EventMessageAudit","id":"7366a04d-57c9-4cb6-bf4f-e48571718e8a","ts":"2025-10-26T18:02:42.466+00:00","eventName":"n8n.audit.user.login.success","message":"n8n.audit.user.login.success","payload":{"userId":"7e0c9b4f-19bc-4d33-bab4-29a3af700c1c","_email":"admin@admin.com","_firstName":"admin","_lastName":"admin","globalRole":"global:owner","authenticationMethod":"email"}}
{"__type":"$$EventMessageConfirm","confirm":"7366a04d-57c9-4cb6-bf4f-e48571718e8a","ts":"2025-10-26T18:02:42.467+00:00","source":{"id":"0","name":"eventBus"}}
{"__type":"$$EventMessageAudit","id":"95c3fc56-39f4-4703-8535-bb2f14043c8e","ts":"2025-10-26T18:02:56.641+00:00","eventName":"n8n.audit.workflow.updated","message":"n8n.audit.workflow.updated","payload":{"userId":"7e0c9b4f-19bc-4d33-bab4-29a3af700c1c","_email":"admin@admin.com","_firstName":"admin","_lastName":"admin","globalRole":"global:owner","workflowId":"tgLkH0E2Kl6lKTAY","workflowName":"Face Detection"}}
{"__type":"$$EventMessageConfirm","confirm":"95c3fc56-39f4-4703-8535-bb2f14043c8e","ts":"2025-10-26T18:02:56.641+00:00","source":{"id":"0","name":"eventBus"}}
{"__type":"$$EventMessageAudit","id":"3d763317-461c-4ba1-ba9b-56b500f1a53a","ts":"2025-10-26T18:03:01.063+00:00","eventName":"n8n.audit.workflow.updated","message":"n8n.audit.workflow.updated","payload":{"userId":"7e0c9b4f-19bc-4d33-bab4-29a3af700c1c","_email":"admin@admin.com","_firstName":"admin","_lastName":"admin","globalRole":"global:owner","workflowId":"tgLkH0E2Kl6lKTAY","workflowName":"Face Detection"}}
{"__type":"$$EventMessageConfirm","confirm":"3d763317-461c-4ba1-ba9b-56b500f1a53a","ts":"2025-10-26T18:03:01.063+00:00","source":{"id":"0","name":"eventBus"}}
{"__type":"$$EventMessageWorkflow","id":"68eacf3d-c659-48fa-9e56-92a945ad9aaf","ts":"2025-10-26T18:03:27.258+00:00","eventName":"n8n.workflow.started","message":"n8n.workflow.started","payload":{"executionId":"24","workflowId":"tgLkH0E2Kl6lKTAY","isManual":false,"workflowName":"Face Detection"}}
{"__type":"$$EventMessageConfirm","confirm":"68eacf3d-c659-48fa-9e56-92a945ad9aaf","ts":"2025-10-26T18:03:27.258+00:00","source":{"id":"0","name":"eventBus"}}
{"__type":"$$EventMessageNode","id":"a28d9c69-b395-41f1-9409-d0cc9eb57777","ts":"2025-10-26T18:03:27.259+00:00","eventName":"n8n.node.started","message":"n8n.node.started","payload":{"workflowId":"tgLkH0E2Kl6lKTAY","workflowName":"Face Detection","executionId":"24","nodeType":"n8n-nodes-base.manualTrigger","nodeName":"When clicking ‘Execute workflow’","nodeId":"aaa49d87-b172-48fe-b702-cfc110c14a74"}}
{"__type":"$$EventMessageConfirm","confirm":"a28d9c69-b395-41f1-9409-d0cc9eb57777","ts":"2025-10-26T18:03:27.259+00:00","source":{"id":"0","name":"eventBus"}}
{"__type":"$$EventMessageNode","id":"aa7fd0bb-bfb0-42d0-b2d9-dfbcbbd181da","ts":"2025-10-26T18:03:27.261+00:00","eventName":"n8n.node.finished","message":"n8n.node.finished","payload":{"workflowId":"tgLkH0E2Kl6lKTAY","workflowName":"Face Detection","executionId":"24","nodeType":"n8n-nodes-base.manualTrigger","nodeName":"When clicking ‘Execute workflow’","nodeId":"aaa49d87-b172-48fe-b702-cfc110c14a74"}}
{"__type":"$$EventMessageConfirm","confirm":"aa7fd0bb-bfb0-42d0-b2d9-dfbcbbd181da","ts":"2025-10-26T18:03:27.262+00:00","source":{"id":"0","name":"eventBus"}}
{"__type":"$$EventMessageNode","id":"7ab24d66-034c-4379-a0e5-3c4dc5d67ed2","ts":"2025-10-26T18:03:27.262+00:00","eventName":"n8n.node.started","message":"n8n.node.started","payload":{"workflowId":"tgLkH0E2Kl6lKTAY","workflowName":"Face Detection","executionId":"24","nodeType":"n8n-nodes-base.httpRequest","nodeName":"Start Face Detection","nodeId":"6d7c8a00-6269-4f28-90ea-e6c18e06f273"}}
{"__type":"$$EventMessageConfirm","confirm":"7ab24d66-034c-4379-a0e5-3c4dc5d67ed2","ts":"2025-10-26T18:03:27.262+00:00","source":{"id":"0","name":"eventBus"}}
{"__type":"$$EventMessageNode","id":"fad239ca-44ce-46d0-83cb-a7b519230866","ts":"2025-10-26T18:03:51.247+00:00","eventName":"n8n.node.finished","message":"n8n.node.finished","payload":{"workflowId":"tgLkH0E2Kl6lKTAY","workflowName":"Face Detection","executionId":"24","nodeType":"n8n-nodes-base.httpRequest","nodeName":"Start Face Detection","nodeId":"6d7c8a00-6269-4f28-90ea-e6c18e06f273"}}
{"__type":"$$EventMessageConfirm","confirm":"fad239ca-44ce-46d0-83cb-a7b519230866","ts":"2025-10-26T18:03:51.247+00:00","source":{"id":"0","name":"eventBus"}}
{"__type":"$$EventMessageWorkflow","id":"f30a5c96-99d6-4986-a087-1f27a8096af7","ts":"2025-10-26T18:03:51.248+00:00","eventName":"n8n.workflow.success","message":"n8n.workflow.success","payload":{"userId":"7e0c9b4f-19bc-4d33-bab4-29a3af700c1c","executionId":"24","success":true,"isManual":true,"workflowId":"tgLkH0E2Kl6lKTAY","workflowName":"Face Detection"}}
{"__type":"$$EventMessageConfirm","confirm":"f30a5c96-99d6-4986-a087-1f27a8096af7","ts":"2025-10-26T18:03:51.248+00:00","source":{"id":"0","name":"eventBus"}}
{"__type":"$$EventMessageWorkflow","id":"5080b8ec-6ea6-415c-8062-1034e7640397","ts":"2025-10-26T18:04:09.781+00:00","eventName":"n8n.workflow.failed","message":"n8n.workflow.failed","payload":{"userId":"7e0c9b4f-19bc-4d33-bab4-29a3af700c1c","executionId":"25","success":false,"isManual":true,"workflowId":"tgLkH0E2Kl6lKTAY","workflowName":"Face Detection","errorMessage":"The workflow has issues and cannot be executed for that reason. Please fix them first."}}
{"__type":"$$EventMessageConfirm","confirm":"5080b8ec-6ea6-415c-8062-1034e7640397","ts":"2025-10-26T18:04:09.781+00:00","source":{"id":"0","name":"eventBus"}}
{"__type":"$$EventMessageWorkflow","id":"a33e49d0-8c2a-49c3-beaa-71d4565e6356","ts":"2025-10-26T18:04:24.594+00:00","eventName":"n8n.workflow.failed","message":"n8n.workflow.failed","payload":{"userId":"7e0c9b4f-19bc-4d33-bab4-29a3af700c1c","executionId":"26","success":false,"isManual":true,"workflowId":"tgLkH0E2Kl6lKTAY","workflowName":"Face Detection","errorMessage":"The workflow has issues and cannot be executed for that reason. Please fix them first."}}
{"__type":"$$EventMessageConfirm","confirm":"a33e49d0-8c2a-49c3-beaa-71d4565e6356","ts":"2025-10-26T18:04:24.594+00:00","source":{"id":"0","name":"eventBus"}}
{"__type":"$$EventMessageAudit","id":"47aca0b3-cf2f-4f86-9f5d-dd929b020294","ts":"2025-10-26T18:04:27.260+00:00","eventName":"n8n.audit.workflow.updated","message":"n8n.audit.workflow.updated","payload":{"userId":"7e0c9b4f-19bc-4d33-bab4-29a3af700c1c","_email":"admin@admin.com","_firstName":"admin","_lastName":"admin","globalRole":"global:owner","workflowId":"tgLkH0E2Kl6lKTAY","workflowName":"Face Detection"}}
{"__type":"$$EventMessageConfirm","confirm":"47aca0b3-cf2f-4f86-9f5d-dd929b020294","ts":"2025-10-26T18:04:27.260+00:00","source":{"id":"0","name":"eventBus"}}
{"__type":"$$EventMessageAudit","id":"29ff43fa-4d7b-4551-a050-ac56ae96fdd7","ts":"2025-10-26T18:05:15.124+00:00","eventName":"n8n.audit.workflow.updated","message":"n8n.audit.workflow.updated","payload":{"userId":"7e0c9b4f-19bc-4d33-bab4-29a3af700c1c","_email":"admin@admin.com","_firstName":"admin","_lastName":"admin","globalRole":"global:owner","workflowId":"tgLkH0E2Kl6lKTAY","workflowName":"Face Detection"}}
{"__type":"$$EventMessageConfirm","confirm":"29ff43fa-4d7b-4551-a050-ac56ae96fdd7","ts":"2025-10-26T18:05:15.124+00:00","source":{"id":"0","name":"eventBus"}}
{"__type":"$$EventMessageWorkflow","id":"8f09cd1d-d8c3-4e0b-92c6-9b825f24e01b","ts":"2025-10-26T18:05:16.733+00:00","eventName":"n8n.workflow.started","message":"n8n.workflow.started","payload":{"executionId":"27","workflowId":"tgLkH0E2Kl6lKTAY","isManual":false,"workflowName":"Face Detection"}}
{"__type":"$$EventMessageConfirm","confirm":"8f09cd1d-d8c3-4e0b-92c6-9b825f24e01b","ts":"2025-10-26T18:05:16.733+00:00","source":{"id":"0","name":"eventBus"}}
{"__type":"$$EventMessageNode","id":"27c33435-321b-4491-94f8-a0d962b7c199","ts":"2025-10-26T18:05:16.734+00:00","eventName":"n8n.node.started","message":"n8n.node.started","payload":{"workflowId":"tgLkH0E2Kl6lKTAY","workflowName":"Face Detection","executionId":"27","nodeType":"n8n-nodes-base.manualTrigger","nodeName":"When clicking ‘Execute workflow’","nodeId":"aaa49d87-b172-48fe-b702-cfc110c14a74"}}
{"__type":"$$EventMessageConfirm","confirm":"27c33435-321b-4491-94f8-a0d962b7c199","ts":"2025-10-26T18:05:16.734+00:00","source":{"id":"0","name":"eventBus"}}
{"__type":"$$EventMessageNode","id":"1eef3a6e-4603-4a14-84a1-e037562fac1f","ts":"2025-10-26T18:05:16.736+00:00","eventName":"n8n.node.finished","message":"n8n.node.finished","payload":{"workflowId":"tgLkH0E2Kl6lKTAY","workflowName":"Face Detection","executionId":"27","nodeType":"n8n-nodes-base.manualTrigger","nodeName":"When clicking ‘Execute workflow’","nodeId":"aaa49d87-b172-48fe-b702-cfc110c14a74"}}
{"__type":"$$EventMessageConfirm","confirm":"1eef3a6e-4603-4a14-84a1-e037562fac1f","ts":"2025-10-26T18:05:16.736+00:00","source":{"id":"0","name":"eventBus"}}
{"__type":"$$EventMessageNode","id":"ec8328cb-ac79-49ea-b7d8-3fd313850f97","ts":"2025-10-26T18:05:16.736+00:00","eventName":"n8n.node.started","message":"n8n.node.started","payload":{"workflowId":"tgLkH0E2Kl6lKTAY","workflowName":"Face Detection","executionId":"27","nodeType":"n8n-nodes-base.httpRequest","nodeName":"Start Face Detection","nodeId":"6d7c8a00-6269-4f28-90ea-e6c18e06f273"}}
{"__type":"$$EventMessageConfirm","confirm":"ec8328cb-ac79-49ea-b7d8-3fd313850f97","ts":"2025-10-26T18:05:16.736+00:00","source":{"id":"0","name":"eventBus"}}
{"__type":"$$EventMessageNode","id":"12916697-8132-4d4f-8b27-7cbf17951a5e","ts":"2025-10-26T18:05:31.235+00:00","eventName":"n8n.node.finished","message":"n8n.node.finished","payload":{"workflowId":"tgLkH0E2Kl6lKTAY","workflowName":"Face Detection","executionId":"27","nodeType":"n8n-nodes-base.httpRequest","nodeName":"Start Face Detection","nodeId":"6d7c8a00-6269-4f28-90ea-e6c18e06f273"}}
{"__type":"$$EventMessageConfirm","confirm":"12916697-8132-4d4f-8b27-7cbf17951a5e","ts":"2025-10-26T18:05:31.235+00:00","source":{"id":"0","name":"eventBus"}}
{"__type":"$$EventMessageNode","id":"bfde7286-da73-425e-8082-0d33daabda22","ts":"2025-10-26T18:05:31.235+00:00","eventName":"n8n.node.started","message":"n8n.node.started","payload":{"workflowId":"tgLkH0E2Kl6lKTAY","workflowName":"Face Detection","executionId":"27","nodeType":"n8n-nodes-base.if","nodeName":"If Face Recognized","nodeId":"cda134d7-a27d-4fee-a237-d1a9be39d97e"}}
{"__type":"$$EventMessageConfirm","confirm":"bfde7286-da73-425e-8082-0d33daabda22","ts":"2025-10-26T18:05:31.235+00:00","source":{"id":"0","name":"eventBus"}}
{"__type":"$$EventMessageNode","id":"01b58990-515e-466b-ac0c-834e076f8acf","ts":"2025-10-26T18:05:31.259+00:00","eventName":"n8n.node.finished","message":"n8n.node.finished","payload":{"workflowId":"tgLkH0E2Kl6lKTAY","workflowName":"Face Detection","executionId":"27","nodeType":"n8n-nodes-base.if","nodeName":"If Face Recognized","nodeId":"cda134d7-a27d-4fee-a237-d1a9be39d97e"}}
{"__type":"$$EventMessageConfirm","confirm":"01b58990-515e-466b-ac0c-834e076f8acf","ts":"2025-10-26T18:05:31.259+00:00","source":{"id":"0","name":"eventBus"}}
{"__type":"$$EventMessageNode","id":"a0279e04-c282-4afe-9b4b-b3bd8eac82ea","ts":"2025-10-26T18:05:31.259+00:00","eventName":"n8n.node.started","message":"n8n.node.started","payload":{"workflowId":"tgLkH0E2Kl6lKTAY","workflowName":"Face Detection","executionId":"27","nodeType":"n8n-nodes-base.mqtt","nodeName":"MQTT Message","nodeId":"5d0292b8-aa7b-44b8-a794-c80685bf9ce1"}}
{"__type":"$$EventMessageConfirm","confirm":"a0279e04-c282-4afe-9b4b-b3bd8eac82ea","ts":"2025-10-26T18:05:31.259+00:00","source":{"id":"0","name":"eventBus"}}
{"__type":"$$EventMessageNode","id":"0af9daab-3992-49e1-8473-7564309821a0","ts":"2025-10-26T18:05:31.308+00:00","eventName":"n8n.node.finished","message":"n8n.node.finished","payload":{"workflowId":"tgLkH0E2Kl6lKTAY","workflowName":"Face Detection","executionId":"27","nodeType":"n8n-nodes-base.mqtt","nodeName":"MQTT Message","nodeId":"5d0292b8-aa7b-44b8-a794-c80685bf9ce1"}}
{"__type":"$$EventMessageConfirm","confirm":"0af9daab-3992-49e1-8473-7564309821a0","ts":"2025-10-26T18:05:31.308+00:00","source":{"id":"0","name":"eventBus"}}
{"__type":"$$EventMessageWorkflow","id":"6f8a0e96-f293-4cc8-a19a-b5137826fbcf","ts":"2025-10-26T18:05:31.311+00:00","eventName":"n8n.workflow.success","message":"n8n.workflow.success","payload":{"userId":"7e0c9b4f-19bc-4d33-bab4-29a3af700c1c","executionId":"27","success":true,"isManual":true,"workflowId":"tgLkH0E2Kl6lKTAY","workflowName":"Face Detection"}}
{"__type":"$$EventMessageConfirm","confirm":"6f8a0e96-f293-4cc8-a19a-b5137826fbcf","ts":"2025-10-26T18:05:31.311+00:00","source":{"id":"0","name":"eventBus"}}
{"__type":"$$EventMessageAudit","id":"2cda2d4a-27f1-4f46-82d7-419a9aa69d4d","ts":"2025-10-26T18:13:43.790+00:00","eventName":"n8n.audit.workflow.updated","message":"n8n.audit.workflow.updated","payload":{"userId":"7e0c9b4f-19bc-4d33-bab4-29a3af700c1c","_email":"admin@admin.com","_firstName":"admin","_lastName":"admin","globalRole":"global:owner","workflowId":"tgLkH0E2Kl6lKTAY","workflowName":"Face Detection"}}
{"__type":"$$EventMessageConfirm","confirm":"2cda2d4a-27f1-4f46-82d7-419a9aa69d4d","ts":"2025-10-26T18:13:43.790+00:00","source":{"id":"0","name":"eventBus"}}
{"__type":"$$EventMessageAudit","id":"ba5b10c8-50ba-4a11-a3d2-bbbc6435fe14","ts":"2025-10-26T18:15:43.707+00:00","eventName":"n8n.audit.workflow.updated","message":"n8n.audit.workflow.updated","payload":{"userId":"7e0c9b4f-19bc-4d33-bab4-29a3af700c1c","_email":"admin@admin.com","_firstName":"admin","_lastName":"admin","globalRole":"global:owner","workflowId":"tgLkH0E2Kl6lKTAY","workflowName":"Face Detection"}}
{"__type":"$$EventMessageConfirm","confirm":"ba5b10c8-50ba-4a11-a3d2-bbbc6435fe14","ts":"2025-10-26T18:15:43.707+00:00","source":{"id":"0","name":"eventBus"}}
{"__type":"$$EventMessageAudit","id":"1d0ea181-93d1-448a-b83b-0dd93a5b12b1","ts":"2025-10-26T18:15:52.235+00:00","eventName":"n8n.audit.workflow.updated","message":"n8n.audit.workflow.updated","payload":{"userId":"7e0c9b4f-19bc-4d33-bab4-29a3af700c1c","_email":"admin@admin.com","_firstName":"admin","_lastName":"admin","globalRole":"global:owner","workflowId":"PKWmGVQNsW0Upbux","workflowName":"Camera Feed"}}
{"__type":"$$EventMessageConfirm","confirm":"1d0ea181-93d1-448a-b83b-0dd93a5b12b1","ts":"2025-10-26T18:15:52.235+00:00","source":{"id":"0","name":"eventBus"}}
{"__type":"$$EventMessageAudit","id":"31b50290-5b86-4bfb-891a-3c95e19b47c5","ts":"2025-10-26T18:16:55.031+00:00","eventName":"n8n.audit.workflow.updated","message":"n8n.audit.workflow.updated","payload":{"userId":"7e0c9b4f-19bc-4d33-bab4-29a3af700c1c","_email":"admin@admin.com","_firstName":"admin","_lastName":"admin","globalRole":"global:owner","workflowId":"tgLkH0E2Kl6lKTAY","workflowName":"Face Detection"}}
{"__type":"$$EventMessageConfirm","confirm":"31b50290-5b86-4bfb-891a-3c95e19b47c5","ts":"2025-10-26T18:16:55.031+00:00","source":{"id":"0","name":"eventBus"}}
{"__type":"$$EventMessageAudit","id":"5a30c00f-4861-4f4d-9f39-6d98832b32d0","ts":"2025-10-26T18:17:34.665+00:00","eventName":"n8n.audit.workflow.updated","message":"n8n.audit.workflow.updated","payload":{"userId":"7e0c9b4f-19bc-4d33-bab4-29a3af700c1c","_email":"admin@admin.com","_firstName":"admin","_lastName":"admin","globalRole":"global:owner","workflowId":"tgLkH0E2Kl6lKTAY","workflowName":"Face Detection"}}
{"__type":"$$EventMessageConfirm","confirm":"5a30c00f-4861-4f4d-9f39-6d98832b32d0","ts":"2025-10-26T18:17:34.666+00:00","source":{"id":"0","name":"eventBus"}}
